                                      1 ;--------------------------------------------------------
                                      2 ; File Created by SDCC : free open source ISO C Compiler
                                      3 ; Version 4.5.1 #15267 (MINGW64)
                                      4 ;--------------------------------------------------------
                                      5 	.module collision
                                      6 	
                                      7 ;--------------------------------------------------------
                                      8 ; Public variables in this module
                                      9 ;--------------------------------------------------------
                                     10 	.globl _hUGE_init
                                     11 	.globl _fill_scroll_bg
                                     12 	.globl _draw_mt_column
                                     13 	.globl _load_bkg_tileset
                                     14 	.globl _set_bkg_tiles
                                     15 	.globl _set_bkg_data
                                     16 	.globl _col_at
                                     17 	.globl _init_music_banked
                                     18 ;--------------------------------------------------------
                                     19 ; special function registers
                                     20 ;--------------------------------------------------------
                                     21 	.area _HRAM
                                     22 ;--------------------------------------------------------
                                     23 ; ram data
                                     24 ;--------------------------------------------------------
                                     25 	.area _DATA
                                     26 ;--------------------------------------------------------
                                     27 ; ram data
                                     28 ;--------------------------------------------------------
                                     29 	.area _INITIALIZED
                                     30 ;--------------------------------------------------------
                                     31 ; absolute external ram data
                                     32 ;--------------------------------------------------------
                                     33 	.area _DABS (ABS)
                                     34 ;--------------------------------------------------------
                                     35 ; global & static initialisations
                                     36 ;--------------------------------------------------------
                                     37 	.area _HOME
                                     38 	.area _GSINIT
                                     39 	.area _GSFINAL
                                     40 	.area _GSINIT
                                     41 ;--------------------------------------------------------
                                     42 ; Home
                                     43 ;--------------------------------------------------------
                                     44 	.area _HOME
                                     45 	.area _HOME
                                     46 ;--------------------------------------------------------
                                     47 ; code
                                     48 ;--------------------------------------------------------
                                     49 	.area _CODE
                                     50 ;src/collision.c:8: uint8_t col_at(
                                     51 ;	---------------------------------
                                     52 ; Function col_at
                                     53 ; ---------------------------------
    00000000                         54 _col_at::
    00000000 E8 F9            [16]   55 	add	sp, #-7
    00000002 F8 05            [12]   56 	ldhl	sp,	#5
    00000004 7B               [ 4]   57 	ld	a, e
    00000005 22               [ 8]   58 	ld	(hl+), a
    00000006 72               [ 8]   59 	ld	(hl), d
                                     60 ;src/collision.c:16: if (world_py < 0) return COL_NONE;
    00000007 60               [ 4]   61 	ld	h, b
    00000008 CB 7C            [ 8]   62 	bit	7, h
    0000000A 28 04            [12]   63 	jr	Z, 00102$
    0000000C AF               [ 4]   64 	xor	a, a
    0000000D C3rCDr00         [16]   65 	jp	00114$
    00000010                         66 00102$:
                                     67 ;src/collision.c:17: uint16_t mx = world_px >> 4;
    00000010 F8 05            [12]   68 	ldhl	sp,	#5
    00000012 7E               [ 8]   69 	ld	a, (hl)
    00000013 F8 00            [12]   70 	ldhl	sp,	#0
    00000015 77               [ 8]   71 	ld	(hl), a
    00000016 F8 06            [12]   72 	ldhl	sp,	#6
    00000018 7E               [ 8]   73 	ld	a, (hl)
    00000019 F8 01            [12]   74 	ldhl	sp,	#1
    0000001B 77               [ 8]   75 	ld	(hl), a
    0000001C CB 3E            [16]   76 	srl	(hl)
    0000001E 2B               [ 8]   77 	dec	hl
    0000001F CB 1E            [16]   78 	rr	(hl)
    00000021 23               [ 8]   79 	inc	hl
    00000022 CB 3E            [16]   80 	srl	(hl)
    00000024 2B               [ 8]   81 	dec	hl
    00000025 CB 1E            [16]   82 	rr	(hl)
    00000027 23               [ 8]   83 	inc	hl
    00000028 CB 3E            [16]   84 	srl	(hl)
    0000002A 2B               [ 8]   85 	dec	hl
    0000002B CB 1E            [16]   86 	rr	(hl)
    0000002D 23               [ 8]   87 	inc	hl
    0000002E CB 3E            [16]   88 	srl	(hl)
    00000030 2B               [ 8]   89 	dec	hl
    00000031 CB 1E            [16]   90 	rr	(hl)
                                     91 ;src/collision.c:18: uint16_t my = (uint16_t)world_py >> 4;
    00000033 23               [ 8]   92 	inc	hl
    00000034 23               [ 8]   93 	inc	hl
    00000035 79               [ 4]   94 	ld	a, c
    00000036 22               [ 8]   95 	ld	(hl+), a
    00000037 78               [ 4]   96 	ld	a, b
    00000038 32               [ 8]   97 	ld	(hl-), a
    00000039 2A               [ 8]   98 	ld	a, (hl+)
    0000003A 5F               [ 4]   99 	ld	e, a
    0000003B 56               [ 8]  100 	ld	d, (hl)
    0000003C CB 3A            [ 8]  101 	srl	d
    0000003E CB 1B            [ 8]  102 	rr	e
    00000040 CB 3A            [ 8]  103 	srl	d
    00000042 CB 1B            [ 8]  104 	rr	e
    00000044 CB 3A            [ 8]  105 	srl	d
    00000046 CB 1B            [ 8]  106 	rr	e
    00000048 CB 3A            [ 8]  107 	srl	d
    0000004A CB 1B            [ 8]  108 	rr	e
                                    109 ;src/collision.c:20: if (mx >= map_w || my >= map_h) return COL_ALL;
    0000004C D5               [16]  110 	push	de
    0000004D F8 02            [12]  111 	ldhl	sp,	#2
    0000004F 5D               [ 4]  112 	ld	e, l
    00000050 54               [ 4]  113 	ld	d, h
    00000051 F8 0D            [12]  114 	ldhl	sp,	#13
    00000053 1A               [ 8]  115 	ld	a, (de)
    00000054 13               [ 8]  116 	inc	de
    00000055 96               [ 8]  117 	sub	a, (hl)
    00000056 23               [ 8]  118 	inc	hl
    00000057 1A               [ 8]  119 	ld	a, (de)
    00000058 9E               [ 8]  120 	sbc	a, (hl)
    00000059 D1               [12]  121 	pop	de
    0000005A 30 09            [12]  122 	jr	NC, 00103$
    0000005C F8 0D            [12]  123 	ldhl	sp,	#13
    0000005E 7B               [ 4]  124 	ld	a, e
    0000005F 96               [ 8]  125 	sub	a, (hl)
    00000060 23               [ 8]  126 	inc	hl
    00000061 7A               [ 4]  127 	ld	a, d
    00000062 9E               [ 8]  128 	sbc	a, (hl)
    00000063 38 04            [12]  129 	jr	C, 00104$
    00000065                        130 00103$:
    00000065 3E 07            [ 8]  131 	ld	a, #0x07
    00000067 18 64            [12]  132 	jr	00114$
    00000069                        133 00104$:
                                    134 ;src/collision.c:23: uint8_t _prev = _current_bank;
    00000069 F0r00            [12]  135 	ldh	a, (__current_bank + 0)
    0000006B F8 04            [12]  136 	ldhl	sp,	#4
    0000006D 77               [ 8]  137 	ld	(hl), a
                                    138 ;src/collision.c:24: SWITCH_ROM(map_bank);
    0000006E F8 0F            [12]  139 	ldhl	sp,	#15
    00000070 7E               [ 8]  140 	ld	a, (hl)
    00000071 E0r00            [12]  141 	ldh	(__current_bank + 0), a
    00000073 EAr00r00         [16]  142 	ld	(#_rROMB0),a
                                    143 ;src/collision.c:25: col = famidash_metatile_collision[map[(uint16_t)my * map_w + mx]];
    00000076 F8 0B            [12]  144 	ldhl	sp,	#11
    00000078 2A               [ 8]  145 	ld	a, (hl+)
    00000079 4F               [ 4]  146 	ld	c, a
    0000007A 46               [ 8]  147 	ld	b, (hl)
    0000007B CDr00r00         [24]  148 	call	__mulint
    0000007E E1               [12]  149 	pop	hl
    0000007F E5               [16]  150 	push	hl
    00000080 09               [ 8]  151 	add	hl, bc
    00000081 4D               [ 4]  152 	ld	c, l
    00000082 44               [ 4]  153 	ld	b, h
    00000083 F8 09            [12]  154 	ldhl	sp,	#9
    00000085 2A               [ 8]  155 	ld	a,	(hl+)
    00000086 66               [ 8]  156 	ld	h, (hl)
    00000087 6F               [ 4]  157 	ld	l, a
    00000088 09               [ 8]  158 	add	hl, bc
    00000089 4D               [ 4]  159 	ld	c, l
    0000008A 44               [ 4]  160 	ld	b, h
    0000008B 0A               [ 8]  161 	ld	a, (bc)
    0000008C 6F               [ 4]  162 	ld	l, a
    0000008D 26 00            [ 8]  163 	ld	h, #0x00
    0000008F 11r00r00         [12]  164 	ld	de, #_famidash_metatile_collision
    00000092 19               [ 8]  165 	add	hl, de
    00000093 4E               [ 8]  166 	ld	c, (hl)
                                    167 ;src/collision.c:26: SWITCH_ROM(_prev);
    00000094 F8 04            [12]  168 	ldhl	sp,	#4
    00000096 7E               [ 8]  169 	ld	a, (hl)
    00000097 E0r00            [12]  170 	ldh	(__current_bank + 0), a
    00000099 7E               [ 8]  171 	ld	a, (hl)
    0000009A EAr00r00         [16]  172 	ld	(#_rROMB0),a
                                    173 ;src/collision.c:29: if (((uint16_t)world_py & 0x0F) < 8) return COL_NONE;
    0000009D F8 02            [12]  174 	ldhl	sp,	#2
    0000009F 2A               [ 8]  175 	ld	a, (hl+)
    000000A0 46               [ 8]  176 	ld	b, (hl)
    000000A1 E6 0F            [ 8]  177 	and	a, #0x0f
    000000A3 5F               [ 4]  178 	ld	e, a
    000000A4 16 00            [ 8]  179 	ld	d, #0x00
    000000A6 7B               [ 4]  180 	ld	a, e
    000000A7 D6 08            [ 8]  181 	sub	a, #0x08
    000000A9 3E 00            [ 8]  182 	ld	a, #0x00
    000000AB 17               [ 4]  183 	rla
    000000AC 47               [ 4]  184 	ld	b, a
                                    185 ;src/collision.c:28: if (col == COL_DEATH_TOP_HALF) {
    000000AD 79               [ 4]  186 	ld	a, c
                                    187 ;src/collision.c:29: if (((uint16_t)world_py & 0x0F) < 8) return COL_NONE;
    000000AE D6 10            [ 8]  188 	sub	a, #0x10
    000000B0 20 0A            [12]  189 	jr	NZ, 00109$
    000000B2 B0               [ 4]  190 	or	a, b
    000000B3 28 03            [12]  191 	jr	Z, 00107$
    000000B5 AF               [ 4]  192 	xor	a, a
    000000B6 18 15            [12]  193 	jr	00114$
    000000B8                        194 00107$:
                                    195 ;src/collision.c:30: return COL_DEATH;
    000000B8 3E 08            [ 8]  196 	ld	a, #0x08
    000000BA 18 11            [12]  197 	jr	00114$
    000000BC                        198 00109$:
                                    199 ;src/collision.c:32: if (col == COL_DEATH_BOTTOM_HALF) {
    000000BC 79               [ 4]  200 	ld	a, c
    000000BD D6 11            [ 8]  201 	sub	a, #0x11
    000000BF 20 0B            [12]  202 	jr	NZ, 00113$
                                    203 ;src/collision.c:33: if (((uint16_t)world_py & 0x0F) >= 8) return COL_NONE;
    000000C1 CB 40            [ 8]  204 	bit	0, b
    000000C3 20 03            [12]  205 	jr	NZ, 00111$
    000000C5 AF               [ 4]  206 	xor	a, a
    000000C6 18 05            [12]  207 	jr	00114$
    000000C8                        208 00111$:
                                    209 ;src/collision.c:34: return COL_DEATH;
    000000C8 3E 08            [ 8]  210 	ld	a, #0x08
    000000CA 18 01            [12]  211 	jr	00114$
    000000CC                        212 00113$:
                                    213 ;src/collision.c:37: return col;
    000000CC 79               [ 4]  214 	ld	a, c
    000000CD                        215 00114$:
                                    216 ;src/collision.c:38: }
    000000CD E8 07            [16]  217 	add	sp, #7
    000000CF E1               [12]  218 	pop	hl
    000000D0 E8 07            [16]  219 	add	sp, #7
    000000D2 E9               [ 4]  220 	jp	(hl)
                                    221 ;src/collision.c:42: void load_bkg_tileset(const uint8_t* tiles, uint16_t tile_count, uint8_t bank) {
                                    222 ;	---------------------------------
                                    223 ; Function load_bkg_tileset
                                    224 ; ---------------------------------
    000000D3                        225 _load_bkg_tileset::
    000000D3 3B               [ 8]  226 	dec	sp
                                    227 ;src/collision.c:43: uint8_t _prev = _current_bank;
    000000D4 F0r00            [12]  228 	ldh	a, (__current_bank + 0)
    000000D6 F8 00            [12]  229 	ldhl	sp,	#0
    000000D8 77               [ 8]  230 	ld	(hl), a
                                    231 ;src/collision.c:44: SWITCH_ROM(bank);
    000000D9 F8 03            [12]  232 	ldhl	sp,	#3
    000000DB 7E               [ 8]  233 	ld	a, (hl)
    000000DC E0r00            [12]  234 	ldh	(__current_bank + 0), a
    000000DE EAr00r00         [16]  235 	ld	(#_rROMB0),a
                                    236 ;src/collision.c:45: if (tile_count == 256u) {
    000000E1 69               [ 4]  237 	ld	l, c
    000000E2 60               [ 4]  238 	ld	h, b
    000000E3 7D               [ 4]  239 	ld	a, l
    000000E4 B7               [ 4]  240 	or	a, a
    000000E5 20 1F            [12]  241 	jr	NZ, 00102$
    000000E7 25               [ 4]  242 	dec	h
    000000E8 20 1C            [12]  243 	jr	NZ, 00102$
                                    244 ;src/collision.c:46: set_bkg_data(0, 128, tiles);
    000000EA D5               [16]  245 	push	de
    000000EB D5               [16]  246 	push	de
    000000EC 21 00 80         [12]  247 	ld	hl, #0x8000
    000000EF E5               [16]  248 	push	hl
    000000F0 CDr00r00         [24]  249 	call	_set_bkg_data
    000000F3 E8 04            [16]  250 	add	sp, #4
    000000F5 D1               [12]  251 	pop	de
                                    252 ;src/collision.c:47: set_bkg_data(128, 128, tiles + (128u * 16u));
    000000F6 21 00 08         [12]  253 	ld	hl, #0x0800
    000000F9 19               [ 8]  254 	add	hl, de
    000000FA E5               [16]  255 	push	hl
    000000FB 21 80 80         [12]  256 	ld	hl, #0x8080
    000000FE E5               [16]  257 	push	hl
    000000FF CDr00r00         [24]  258 	call	_set_bkg_data
    00000102 E8 04            [16]  259 	add	sp, #4
    00000104 18 0B            [12]  260 	jr	00103$
    00000106                        261 00102$:
                                    262 ;src/collision.c:49: set_bkg_data(0, (uint8_t)tile_count, tiles);
    00000106 79               [ 4]  263 	ld	a, c
    00000107 D5               [16]  264 	push	de
    00000108 67               [ 4]  265 	ld	h, a
    00000109 2E 00            [ 8]  266 	ld	l, #0x00
    0000010B E5               [16]  267 	push	hl
    0000010C CDr00r00         [24]  268 	call	_set_bkg_data
    0000010F E8 04            [16]  269 	add	sp, #4
    00000111                        270 00103$:
                                    271 ;src/collision.c:51: SWITCH_ROM(_prev);
    00000111 F8 00            [12]  272 	ldhl	sp,	#0
    00000113 7E               [ 8]  273 	ld	a, (hl)
    00000114 E0r00            [12]  274 	ldh	(__current_bank + 0), a
    00000116 7E               [ 8]  275 	ld	a, (hl)
    00000117 EAr00r00         [16]  276 	ld	(#_rROMB0),a
                                    277 ;src/collision.c:52: }
    0000011A 33               [ 8]  278 	inc	sp
    0000011B E1               [12]  279 	pop	hl
    0000011C 33               [ 8]  280 	inc	sp
    0000011D E9               [ 4]  281 	jp	(hl)
                                    282 ;src/collision.c:54: void draw_mt_column(uint8_t ring_col, uint16_t map_col,
                                    283 ;	---------------------------------
                                    284 ; Function draw_mt_column
                                    285 ; ---------------------------------
    0000011E                        286 _draw_mt_column::
    0000011E E8 F6            [16]  287 	add	sp, #-10
    00000120 F8 07            [12]  288 	ldhl	sp,	#7
    00000122 73               [ 8]  289 	ld	(hl), e
    00000123 23               [ 8]  290 	inc	hl
    00000124 72               [ 8]  291 	ld	(hl), d
                                    292 ;src/collision.c:58: uint8_t bx = ring_col << 1;
    00000125 87               [ 4]  293 	add	a, a
    00000126 F8 02            [12]  294 	ldhl	sp,	#2
                                    295 ;src/collision.c:60: uint8_t _prev = _current_bank;
    00000128 22               [ 8]  296 	ld	(hl+), a
    00000129 F0r00            [12]  297 	ldh	a, (__current_bank + 0)
    0000012B 77               [ 8]  298 	ld	(hl), a
                                    299 ;src/collision.c:61: SWITCH_ROM(map_bank);
    0000012C F8 12            [12]  300 	ldhl	sp,	#18
    0000012E 7E               [ 8]  301 	ld	a, (hl)
    0000012F E0r00            [12]  302 	ldh	(__current_bank + 0), a
    00000131 EAr00r00         [16]  303 	ld	(#_rROMB0),a
                                    304 ;src/collision.c:63: for (uint8_t r = 0; r < map_h && r < BKG_MT_H; r++) {
    00000134 F8 09            [12]  305 	ldhl	sp,	#9
    00000136 36 00            [12]  306 	ld	(hl), #0x00
    00000138                        307 00104$:
    00000138 F8 09            [12]  308 	ldhl	sp,	#9
    0000013A 7E               [ 8]  309 	ld	a, (hl)
    0000013B F8 05            [12]  310 	ldhl	sp,	#5
    0000013D 22               [ 8]  311 	ld	(hl+), a
    0000013E 36 00            [12]  312 	ld	(hl), #0x00
    00000140 F8 05            [12]  313 	ldhl	sp,	#5
    00000142 5D               [ 4]  314 	ld	e, l
    00000143 54               [ 4]  315 	ld	d, h
    00000144 F8 10            [12]  316 	ldhl	sp,	#16
    00000146 1A               [ 8]  317 	ld	a, (de)
    00000147 13               [ 8]  318 	inc	de
    00000148 96               [ 8]  319 	sub	a, (hl)
    00000149 23               [ 8]  320 	inc	hl
    0000014A 1A               [ 8]  321 	ld	a, (de)
    0000014B 9E               [ 8]  322 	sbc	a, (hl)
    0000014C D2r03r02         [16]  323 	jp	NC, 00101$
    0000014F F8 09            [12]  324 	ldhl	sp,	#9
    00000151 7E               [ 8]  325 	ld	a, (hl)
    00000152 D6 10            [ 8]  326 	sub	a, #0x10
    00000154 D2r03r02         [16]  327 	jp	NC, 00101$
                                    328 ;src/collision.c:64: uint8_t mt = map[(uint16_t)r * map_w + map_col];
    00000157 F8 0E            [12]  329 	ldhl	sp,	#14
    00000159 2A               [ 8]  330 	ld	a, (hl+)
    0000015A 4F               [ 4]  331 	ld	c, a
    0000015B 46               [ 8]  332 	ld	b, (hl)
    0000015C F8 05            [12]  333 	ldhl	sp,	#5
    0000015E 5E               [ 8]  334 	ld	e, (hl)
    0000015F 16 00            [ 8]  335 	ld	d, #0x00
    00000161 CDr00r00         [24]  336 	call	__mulint
    00000164 E1               [12]  337 	pop	hl
    00000165 C5               [16]  338 	push	bc
    00000166 D1               [12]  339 	pop	de
    00000167 D5               [16]  340 	push	de
    00000168 F8 07            [12]  341 	ldhl	sp,	#7
    0000016A 2A               [ 8]  342 	ld	a,	(hl+)
    0000016B 66               [ 8]  343 	ld	h, (hl)
    0000016C 6F               [ 4]  344 	ld	l, a
    0000016D 19               [ 8]  345 	add	hl, de
    0000016E E5               [16]  346 	push	hl
    0000016F 7D               [ 4]  347 	ld	a, l
    00000170 F8 07            [12]  348 	ldhl	sp,	#7
    00000172 77               [ 8]  349 	ld	(hl), a
    00000173 E1               [12]  350 	pop	hl
    00000174 7C               [ 4]  351 	ld	a, h
    00000175 F8 06            [12]  352 	ldhl	sp,	#6
    00000177 32               [ 8]  353 	ld	(hl-), a
    00000178 2A               [ 8]  354 	ld	a, (hl+)
    00000179 5F               [ 4]  355 	ld	e, a
    0000017A 56               [ 8]  356 	ld	d, (hl)
    0000017B F8 0C            [12]  357 	ldhl	sp,	#12
    0000017D 2A               [ 8]  358 	ld	a,	(hl+)
    0000017E 66               [ 8]  359 	ld	h, (hl)
    0000017F 6F               [ 4]  360 	ld	l, a
    00000180 19               [ 8]  361 	add	hl, de
    00000181 33               [ 8]  362 	inc	sp
    00000182 33               [ 8]  363 	inc	sp
    00000183 5D               [ 4]  364 	ld	e, l
    00000184 54               [ 4]  365 	ld	d, h
    00000185 D5               [16]  366 	push	de
    00000186 1A               [ 8]  367 	ld	a, (de)
    00000187 F8 05            [12]  368 	ldhl	sp,	#5
    00000189 77               [ 8]  369 	ld	(hl), a
                                    370 ;src/collision.c:65: uint8_t by = (r & (BKG_MT_H - 1)) << 1;
    0000018A F8 09            [12]  371 	ldhl	sp,	#9
    0000018C 7E               [ 8]  372 	ld	a, (hl)
    0000018D E6 0F            [ 8]  373 	and	a, #0x0f
    0000018F F8 06            [12]  374 	ldhl	sp,	#6
    00000191 77               [ 8]  375 	ld	(hl), a
    00000192 CB 26            [16]  376 	sla	(hl)
                                    377 ;src/collision.c:73: set_bkg_tiles(bx, by, 2, 1, &metatiles[mt][0]);
    00000194 2B               [ 8]  378 	dec	hl
    00000195 3A               [ 8]  379 	ld	a, (hl-)
    00000196 22               [ 8]  380 	ld	(hl+), a
    00000197 36 00            [12]  381 	ld	(hl), #0x00
    00000199 3E 02            [ 8]  382 	ld	a, #0x02
    0000019B                        383 00130$:
    0000019B F8 04            [12]  384 	ldhl	sp,	#4
    0000019D CB 26            [16]  385 	sla	(hl)
    0000019F 23               [ 8]  386 	inc	hl
    000001A0 CB 16            [16]  387 	rl	(hl)
    000001A2 3D               [ 4]  388 	dec	a
    000001A3 20 F6            [12]  389 	jr	NZ, 00130$
    000001A5 2B               [ 8]  390 	dec	hl
    000001A6 2A               [ 8]  391 	ld	a, (hl+)
    000001A7 5F               [ 4]  392 	ld	e, a
    000001A8 56               [ 8]  393 	ld	d, (hl)
    000001A9 21r00r00         [12]  394 	ld	hl, #_metatiles
    000001AC 19               [ 8]  395 	add	hl, de
    000001AD 33               [ 8]  396 	inc	sp
    000001AE 33               [ 8]  397 	inc	sp
    000001AF E5               [16]  398 	push	hl
    000001B0 F8 00            [12]  399 	ldhl	sp,	#0
    000001B2 7E               [ 8]  400 	ld	a, (hl)
    000001B3 F8 04            [12]  401 	ldhl	sp,	#4
    000001B5 77               [ 8]  402 	ld	(hl), a
    000001B6 F8 01            [12]  403 	ldhl	sp,	#1
    000001B8 7E               [ 8]  404 	ld	a, (hl)
    000001B9 F8 05            [12]  405 	ldhl	sp,	#5
    000001BB 32               [ 8]  406 	ld	(hl-), a
    000001BC 2A               [ 8]  407 	ld	a, (hl+)
    000001BD 5F               [ 4]  408 	ld	e, a
    000001BE 2A               [ 8]  409 	ld	a, (hl+)
    000001BF 57               [ 4]  410 	ld	d, a
    000001C0 D5               [16]  411 	push	de
    000001C1 11 02 01         [12]  412 	ld	de, #0x102
    000001C4 D5               [16]  413 	push	de
    000001C5 7E               [ 8]  414 	ld	a, (hl)
    000001C6 F5               [16]  415 	push	af
    000001C7 33               [ 8]  416 	inc	sp
    000001C8 F8 07            [12]  417 	ldhl	sp,	#7
    000001CA 7E               [ 8]  418 	ld	a, (hl)
    000001CB F5               [16]  419 	push	af
    000001CC 33               [ 8]  420 	inc	sp
    000001CD CDr00r00         [24]  421 	call	_set_bkg_tiles
    000001D0 E8 06            [16]  422 	add	sp, #6
                                    423 ;src/collision.c:74: set_bkg_tiles(bx, by + 1, 2, 1, &metatiles[mt][2]);
    000001D2 D1               [12]  424 	pop	de
    000001D3 D5               [16]  425 	push	de
    000001D4 21 02 00         [12]  426 	ld	hl, #0x0002
    000001D7 19               [ 8]  427 	add	hl, de
    000001D8 E5               [16]  428 	push	hl
    000001D9 7D               [ 4]  429 	ld	a, l
    000001DA F8 06            [12]  430 	ldhl	sp,	#6
    000001DC 77               [ 8]  431 	ld	(hl), a
    000001DD E1               [12]  432 	pop	hl
    000001DE 7C               [ 4]  433 	ld	a, h
    000001DF F8 05            [12]  434 	ldhl	sp,	#5
    000001E1 22               [ 8]  435 	ld	(hl+), a
    000001E2 3A               [ 8]  436 	ld	a, (hl-)
    000001E3 2B               [ 8]  437 	dec	hl
    000001E4 3C               [ 4]  438 	inc	a
    000001E5 5E               [ 8]  439 	ld	e, (hl)
    000001E6 23               [ 8]  440 	inc	hl
    000001E7 56               [ 8]  441 	ld	d, (hl)
    000001E8 D5               [16]  442 	push	de
    000001E9 26 01            [ 8]  443 	ld	h, #0x01
    000001EB E5               [16]  444 	push	hl
    000001EC 33               [ 8]  445 	inc	sp
    000001ED 26 02            [ 8]  446 	ld	h, #0x02
    000001EF E5               [16]  447 	push	hl
    000001F0 33               [ 8]  448 	inc	sp
    000001F1 F5               [16]  449 	push	af
    000001F2 33               [ 8]  450 	inc	sp
    000001F3 F8 07            [12]  451 	ldhl	sp,	#7
    000001F5 7E               [ 8]  452 	ld	a, (hl)
    000001F6 F5               [16]  453 	push	af
    000001F7 33               [ 8]  454 	inc	sp
    000001F8 CDr00r00         [24]  455 	call	_set_bkg_tiles
    000001FB E8 06            [16]  456 	add	sp, #6
                                    457 ;src/collision.c:63: for (uint8_t r = 0; r < map_h && r < BKG_MT_H; r++) {
    000001FD F8 09            [12]  458 	ldhl	sp,	#9
    000001FF 34               [12]  459 	inc	(hl)
    00000200 C3r38r01         [16]  460 	jp	00104$
    00000203                        461 00101$:
                                    462 ;src/collision.c:77: SWITCH_ROM(_prev);
    00000203 F8 03            [12]  463 	ldhl	sp,	#3
    00000205 7E               [ 8]  464 	ld	a, (hl)
    00000206 E0r00            [12]  465 	ldh	(__current_bank + 0), a
    00000208 7E               [ 8]  466 	ld	a, (hl)
    00000209 EAr00r00         [16]  467 	ld	(#_rROMB0),a
                                    468 ;src/collision.c:78: }
    0000020C E8 0A            [16]  469 	add	sp, #10
    0000020E E1               [12]  470 	pop	hl
    0000020F E8 07            [16]  471 	add	sp, #7
    00000211 E9               [ 4]  472 	jp	(hl)
                                    473 ;src/collision.c:80: void fill_scroll_bg(const uint8_t* map, uint16_t map_w, uint16_t map_h, uint8_t map_bank) {
                                    474 ;	---------------------------------
                                    475 ; Function fill_scroll_bg
                                    476 ; ---------------------------------
    00000212                        477 _fill_scroll_bg::
    00000212 E8 FC            [16]  478 	add	sp, #-4
    00000214 F8 02            [12]  479 	ldhl	sp,	#2
    00000216 7B               [ 4]  480 	ld	a, e
    00000217 22               [ 8]  481 	ld	(hl+), a
    00000218 72               [ 8]  482 	ld	(hl), d
                                    483 ;src/collision.c:81: uint16_t cols = (map_w < 16) ? map_w : 16;
    00000219 59               [ 4]  484 	ld	e, c
    0000021A 50               [ 4]  485 	ld	d, b
    0000021B 7B               [ 4]  486 	ld	a, e
    0000021C D6 10            [ 8]  487 	sub	a, #0x10
    0000021E 7A               [ 4]  488 	ld	a, d
    0000021F DE 00            [ 8]  489 	sbc	a, #0x00
    00000221 38 02            [12]  490 	jr	C, 00108$
    00000223 1E 10            [ 8]  491 	ld	e, #0x10
    00000225                        492 00108$:
    00000225 F8 00            [12]  493 	ldhl	sp,	#0
    00000227 7B               [ 4]  494 	ld	a, e
    00000228 22               [ 8]  495 	ld	(hl+), a
                                    496 ;src/collision.c:82: for (uint16_t c = 0; c < cols; c++) {
    00000229 11 00 00         [12]  497 	ld	de, #0x0000
    0000022C 73               [ 8]  498 	ld	(hl), e
    0000022D                        499 00103$:
    0000022D F8 00            [12]  500 	ldhl	sp,	#0
    0000022F 7B               [ 4]  501 	ld	a, e
    00000230 96               [ 8]  502 	sub	a, (hl)
    00000231 23               [ 8]  503 	inc	hl
    00000232 7A               [ 4]  504 	ld	a, d
    00000233 9E               [ 8]  505 	sbc	a, (hl)
    00000234 30 23            [12]  506 	jr	NC, 00105$
                                    507 ;src/collision.c:83: draw_mt_column((uint8_t)(c % 16), c, map, map_w, map_h, map_bank);
    00000236 7B               [ 4]  508 	ld	a, e
    00000237 E6 0F            [ 8]  509 	and	a, #0x0f
    00000239 C5               [16]  510 	push	bc
    0000023A D5               [16]  511 	push	de
    0000023B F8 0C            [12]  512 	ldhl	sp,	#12
    0000023D 66               [ 8]  513 	ld	h, (hl)
    0000023E E5               [16]  514 	push	hl
    0000023F 33               [ 8]  515 	inc	sp
    00000240 F5               [16]  516 	push	af
    00000241 F8 0D            [12]  517 	ldhl	sp,	#13
    00000243 2A               [ 8]  518 	ld	a, (hl+)
    00000244 66               [ 8]  519 	ld	h, (hl)
    00000245 6F               [ 4]  520 	ld	l, a
    00000246 F1               [12]  521 	pop	af
    00000247 E5               [16]  522 	push	hl
    00000248 C5               [16]  523 	push	bc
    00000249 F5               [16]  524 	push	af
    0000024A F8 0D            [12]  525 	ldhl	sp,	#13
    0000024C 2A               [ 8]  526 	ld	a, (hl+)
    0000024D 66               [ 8]  527 	ld	h, (hl)
    0000024E 6F               [ 4]  528 	ld	l, a
    0000024F F1               [12]  529 	pop	af
    00000250 E5               [16]  530 	push	hl
    00000251 CDr1Er01         [24]  531 	call	_draw_mt_column
    00000254 D1               [12]  532 	pop	de
    00000255 C1               [12]  533 	pop	bc
                                    534 ;src/collision.c:82: for (uint16_t c = 0; c < cols; c++) {
    00000256 13               [ 8]  535 	inc	de
    00000257 18 D4            [12]  536 	jr	00103$
    00000259                        537 00105$:
                                    538 ;src/collision.c:85: }
    00000259 E8 04            [16]  539 	add	sp, #4
    0000025B E1               [12]  540 	pop	hl
    0000025C E8 03            [16]  541 	add	sp, #3
    0000025E E9               [ 4]  542 	jp	(hl)
                                    543 ;src/collision.c:91: void init_music_banked(const hUGESong_t * song, uint8_t bank, uint8_t divider) {
                                    544 ;	---------------------------------
                                    545 ; Function init_music_banked
                                    546 ; ---------------------------------
    0000025F                        547 _init_music_banked::
    0000025F 4F               [ 4]  548 	ld	c, a
                                    549 ;src/collision.c:92: uint8_t _prev = _current_bank;
    00000260 F0r00            [12]  550 	ldh	a, (__current_bank + 0)
    00000262 47               [ 4]  551 	ld	b, a
                                    552 ;src/collision.c:93: music_ready = 0;
    00000263 AF               [ 4]  553 	xor	a, a
    00000264 EAr00r00         [16]  554 	ld	(#_music_ready),a
                                    555 ;src/collision.c:94: current_song_bank = bank;
    00000267 21r00r00         [12]  556 	ld	hl, #_current_song_bank
    0000026A 71               [ 8]  557 	ld	(hl), c
                                    558 ;src/collision.c:95: SWITCH_ROM(bank);
    0000026B 79               [ 4]  559 	ld	a, c
    0000026C E0r00            [12]  560 	ldh	(__current_bank + 0), a
    0000026E 21r00r00         [12]  561 	ld	hl, #_rROMB0
    00000271 71               [ 8]  562 	ld	(hl), c
                                    563 ;c:\gbdk\include\gb\gb.h:811: __asm__("di");
    00000272 F3               [ 4]  564 	di
                                    565 ;src/collision.c:97: hUGE_init(song);
    00000273 C5               [16]  566 	push	bc
    00000274 CDr00r00         [24]  567 	call	_hUGE_init
    00000277 C1               [12]  568 	pop	bc
                                    569 ;src/collision.c:98: TMA_REG = divider;
    00000278 F8 02            [12]  570 	ldhl	sp,	#2
    0000027A 7E               [ 8]  571 	ld	a, (hl)
    0000027B E0r00            [12]  572 	ldh	(_TMA_REG + 0), a
                                    573 ;c:\gbdk\include\gb\gb.h:795: __asm__("ei");
    0000027D FB               [ 4]  574 	ei
                                    575 ;src/collision.c:100: SWITCH_ROM(_prev);
    0000027E 78               [ 4]  576 	ld	a, b
    0000027F E0r00            [12]  577 	ldh	(__current_bank + 0), a
    00000281 21r00r00         [12]  578 	ld	hl, #_rROMB0
    00000284 70               [ 8]  579 	ld	(hl), b
                                    580 ;src/collision.c:101: music_ready = 1;
    00000285 21r00r00         [12]  581 	ld	hl, #_music_ready
    00000288 36 01            [12]  582 	ld	(hl), #0x01
                                    583 ;src/collision.c:102: }
    0000028A E1               [12]  584 	pop	hl
    0000028B 33               [ 8]  585 	inc	sp
    0000028C E9               [ 4]  586 	jp	(hl)
                                    587 	.area _CODE
                                    588 	.area _INITIALIZER
                                    589 	.area _CABS (ABS)
