                                      1 ;--------------------------------------------------------
                                      2 ; File Created by SDCC : free open source ISO C Compiler
                                      3 ; Version 4.5.1 #15267 (MINGW64)
                                      4 ;--------------------------------------------------------
                                      5 	.module famidash_metatiles
                                      6 	
                                      7 ;--------------------------------------------------------
                                      8 ; Public variables in this module
                                      9 ;--------------------------------------------------------
                                     10 	.globl _famidash_metatile_collision
                                     11 	.globl _famidash_metatile_palettes
                                     12 	.globl _metatiles
                                     13 ;--------------------------------------------------------
                                     14 ; special function registers
                                     15 ;--------------------------------------------------------
                                     16 	.area _HRAM
                                     17 ;--------------------------------------------------------
                                     18 ; ram data
                                     19 ;--------------------------------------------------------
                                     20 	.area _DATA
                                     21 ;--------------------------------------------------------
                                     22 ; ram data
                                     23 ;--------------------------------------------------------
                                     24 	.area _INITIALIZED
                                     25 ;--------------------------------------------------------
                                     26 ; absolute external ram data
                                     27 ;--------------------------------------------------------
                                     28 	.area _DABS (ABS)
                                     29 ;--------------------------------------------------------
                                     30 ; global & static initialisations
                                     31 ;--------------------------------------------------------
                                     32 	.area _HOME
                                     33 	.area _GSINIT
                                     34 	.area _GSFINAL
                                     35 	.area _GSINIT
                                     36 ;--------------------------------------------------------
                                     37 ; Home
                                     38 ;--------------------------------------------------------
                                     39 	.area _HOME
                                     40 	.area _HOME
                                     41 ;--------------------------------------------------------
                                     42 ; code
                                     43 ;--------------------------------------------------------
                                     44 	.area _CODE
                                     45 ;src/../include/collision.h:36: static inline uint8_t col_of(uint8_t tile_id) {
                                     46 ;	---------------------------------
                                     47 ; Function col_of
                                     48 ; ---------------------------------
    00000000                         49 _col_of:
    00000000 4F               [ 4]   50 	ld	c, a
                                     51 ;src/../include/collision.h:37: return famidash_metatile_collision[tile_id];
    00000001 21r8Cr05         [12]   52 	ld	hl, #_famidash_metatile_collision
    00000004 06 00            [ 8]   53 	ld	b, #0x00
    00000006 09               [ 8]   54 	add	hl, bc
    00000007 7E               [ 8]   55 	ld	a, (hl)
                                     56 ;src/../include/collision.h:38: }
    00000008 C9               [16]   57 	ret
                                     58 ;src/../include/collision.h:41: static inline uint8_t col_at(
                                     59 ;	---------------------------------
                                     60 ; Function col_at
                                     61 ; ---------------------------------
    00000009                         62 _col_at:
    00000009 E8 FC            [16]   63 	add	sp, #-4
    0000000B F8 02            [12]   64 	ldhl	sp,	#2
    0000000D 7B               [ 4]   65 	ld	a, e
    0000000E 22               [ 8]   66 	ld	(hl+), a
    0000000F 72               [ 8]   67 	ld	(hl), d
                                     68 ;src/../include/collision.h:48: if (world_py < 0) return COL_NONE;
    00000010 60               [ 4]   69 	ld	h, b
    00000011 CB 7C            [ 8]   70 	bit	7, h
    00000013 28 03            [12]   71 	jr	Z, 00102$
    00000015 AF               [ 4]   72 	xor	a, a
    00000016 18 6E            [12]   73 	jr	00107$
    00000018                         74 00102$:
                                     75 ;src/../include/collision.h:49: uint16_t mx = world_px >> 4;
    00000018 F8 02            [12]   76 	ldhl	sp,	#2
    0000001A 3A               [ 8]   77 	ld	a, (hl-)
    0000001B 2B               [ 8]   78 	dec	hl
    0000001C 77               [ 8]   79 	ld	(hl), a
    0000001D F8 03            [12]   80 	ldhl	sp,	#3
    0000001F 3A               [ 8]   81 	ld	a, (hl-)
    00000020 2B               [ 8]   82 	dec	hl
    00000021 77               [ 8]   83 	ld	(hl), a
    00000022 CB 3E            [16]   84 	srl	(hl)
    00000024 2B               [ 8]   85 	dec	hl
    00000025 CB 1E            [16]   86 	rr	(hl)
    00000027 23               [ 8]   87 	inc	hl
    00000028 CB 3E            [16]   88 	srl	(hl)
    0000002A 2B               [ 8]   89 	dec	hl
    0000002B CB 1E            [16]   90 	rr	(hl)
    0000002D 23               [ 8]   91 	inc	hl
    0000002E CB 3E            [16]   92 	srl	(hl)
    00000030 2B               [ 8]   93 	dec	hl
    00000031 CB 1E            [16]   94 	rr	(hl)
    00000033 23               [ 8]   95 	inc	hl
    00000034 CB 3E            [16]   96 	srl	(hl)
    00000036 2B               [ 8]   97 	dec	hl
    00000037 CB 1E            [16]   98 	rr	(hl)
                                     99 ;src/../include/collision.h:50: uint16_t my = (uint16_t)world_py >> 4;
    00000039 59               [ 4]  100 	ld	e, c
    0000003A 50               [ 4]  101 	ld	d, b
    0000003B CB 3A            [ 8]  102 	srl	d
    0000003D CB 1B            [ 8]  103 	rr	e
    0000003F CB 3A            [ 8]  104 	srl	d
    00000041 CB 1B            [ 8]  105 	rr	e
    00000043 CB 3A            [ 8]  106 	srl	d
    00000045 CB 1B            [ 8]  107 	rr	e
    00000047 CB 3A            [ 8]  108 	srl	d
    00000049 CB 1B            [ 8]  109 	rr	e
                                    110 ;src/../include/collision.h:52: if (mx >= map_w || my >= map_h) return COL_ALL;
    0000004B D5               [16]  111 	push	de
    0000004C F8 02            [12]  112 	ldhl	sp,	#2
    0000004E 5D               [ 4]  113 	ld	e, l
    0000004F 54               [ 4]  114 	ld	d, h
    00000050 F8 0A            [12]  115 	ldhl	sp,	#10
    00000052 1A               [ 8]  116 	ld	a, (de)
    00000053 13               [ 8]  117 	inc	de
    00000054 96               [ 8]  118 	sub	a, (hl)
    00000055 23               [ 8]  119 	inc	hl
    00000056 1A               [ 8]  120 	ld	a, (de)
    00000057 9E               [ 8]  121 	sbc	a, (hl)
    00000058 D1               [12]  122 	pop	de
    00000059 30 09            [12]  123 	jr	NC, 00103$
    0000005B F8 0A            [12]  124 	ldhl	sp,	#10
    0000005D 7B               [ 4]  125 	ld	a, e
    0000005E 96               [ 8]  126 	sub	a, (hl)
    0000005F 23               [ 8]  127 	inc	hl
    00000060 7A               [ 4]  128 	ld	a, d
    00000061 9E               [ 8]  129 	sbc	a, (hl)
    00000062 38 04            [12]  130 	jr	C, 00104$
    00000064                        131 00103$:
    00000064 3E 07            [ 8]  132 	ld	a, #0x07
    00000066 18 1E            [12]  133 	jr	00107$
    00000068                        134 00104$:
                                    135 ;src/../include/collision.h:53: return col_of(map[(uint16_t)my * map_w + mx]);
    00000068 F8 08            [12]  136 	ldhl	sp,	#8
    0000006A 2A               [ 8]  137 	ld	a, (hl+)
    0000006B 4F               [ 4]  138 	ld	c, a
    0000006C 46               [ 8]  139 	ld	b, (hl)
    0000006D CDr00r00         [24]  140 	call	__mulint
    00000070 E1               [12]  141 	pop	hl
    00000071 E5               [16]  142 	push	hl
    00000072 09               [ 8]  143 	add	hl, bc
    00000073 4D               [ 4]  144 	ld	c, l
    00000074 44               [ 4]  145 	ld	b, h
    00000075 F8 06            [12]  146 	ldhl	sp,	#6
    00000077 2A               [ 8]  147 	ld	a,	(hl+)
    00000078 66               [ 8]  148 	ld	h, (hl)
    00000079 6F               [ 4]  149 	ld	l, a
    0000007A 09               [ 8]  150 	add	hl, bc
    0000007B 4D               [ 4]  151 	ld	c, l
    0000007C 44               [ 4]  152 	ld	b, h
    0000007D 0A               [ 8]  153 	ld	a, (bc)
    0000007E 4F               [ 4]  154 	ld	c, a
                                    155 ;src/../include/collision.h:37: return famidash_metatile_collision[tile_id];
    0000007F 21r8Cr05         [12]  156 	ld	hl, #_famidash_metatile_collision
    00000082 06 00            [ 8]  157 	ld	b, #0x00
    00000084 09               [ 8]  158 	add	hl, bc
    00000085 7E               [ 8]  159 	ld	a, (hl)
                                    160 ;src/../include/collision.h:53: return col_of(map[(uint16_t)my * map_w + mx]);
    00000086                        161 00107$:
                                    162 ;src/../include/collision.h:54: }
    00000086 E8 04            [16]  163 	add	sp, #4
    00000088 E1               [12]  164 	pop	hl
    00000089 E8 06            [16]  165 	add	sp, #6
    0000008B E9               [ 4]  166 	jp	(hl)
                                    167 	.area _CODE
    0000008C                        168 _metatiles:
    0000008C 00                     169 	.db #0x00	; 0
    0000008D 00                     170 	.db #0x00	; 0
    0000008E 00                     171 	.db #0x00	; 0
    0000008F 00                     172 	.db #0x00	; 0
    00000090 1A                     173 	.db #0x1a	; 26
    00000091 1B                     174 	.db #0x1b	; 27
    00000092 2A                     175 	.db #0x2a	; 42
    00000093 2B                     176 	.db #0x2b	; 43
    00000094 1A                     177 	.db #0x1a	; 26
    00000095 1B                     178 	.db #0x1b	; 27
    00000096 1A                     179 	.db #0x1a	; 26
    00000097 1B                     180 	.db #0x1b	; 27
    00000098 00                     181 	.db #0x00	; 0
    00000099 00                     182 	.db #0x00	; 0
    0000009A 3A                     183 	.db #0x3a	; 58
    0000009B 3B                     184 	.db #0x3b	; 59
    0000009C DA                     185 	.db #0xda	; 218
    0000009D DF                     186 	.db #0xdf	; 223
    0000009E 00                     187 	.db #0x00	; 0
    0000009F 00                     188 	.db #0x00	; 0
    000000A0 1B                     189 	.db #0x1b	; 27
    000000A1 1B                     190 	.db #0x1b	; 27
    000000A2 2B                     191 	.db #0x2b	; 43
    000000A3 2B                     192 	.db #0x2b	; 43
    000000A4 1B                     193 	.db #0x1b	; 27
    000000A5 1B                     194 	.db #0x1b	; 27
    000000A6 1B                     195 	.db #0x1b	; 27
    000000A7 1B                     196 	.db #0x1b	; 27
    000000A8 20                     197 	.db #0x20	; 32
    000000A9 21                     198 	.db #0x21	; 33
    000000AA 30                     199 	.db #0x30	; 48	'0'
    000000AB 31                     200 	.db #0x31	; 49	'1'
    000000AC E0                     201 	.db #0xe0	; 224
    000000AD E1                     202 	.db #0xe1	; 225
    000000AE E4                     203 	.db #0xe4	; 228
    000000AF E5                     204 	.db #0xe5	; 229
    000000B0 E2                     205 	.db #0xe2	; 226
    000000B1 E3                     206 	.db #0xe3	; 227
    000000B2 E6                     207 	.db #0xe6	; 230
    000000B3 E7                     208 	.db #0xe7	; 231
    000000B4 E8                     209 	.db #0xe8	; 232
    000000B5 E9                     210 	.db #0xe9	; 233
    000000B6 EC                     211 	.db #0xec	; 236
    000000B7 ED                     212 	.db #0xed	; 237
    000000B8 EA                     213 	.db #0xea	; 234
    000000B9 EB                     214 	.db #0xeb	; 235
    000000BA EE                     215 	.db #0xee	; 238
    000000BB EF                     216 	.db #0xef	; 239
    000000BC 0C                     217 	.db #0x0c	; 12
    000000BD 0D                     218 	.db #0x0d	; 13
    000000BE 1C                     219 	.db #0x1c	; 28
    000000BF 1D                     220 	.db #0x1d	; 29
    000000C0 0E                     221 	.db #0x0e	; 14
    000000C1 0F                     222 	.db #0x0f	; 15
    000000C2 1E                     223 	.db #0x1e	; 30
    000000C3 1F                     224 	.db #0x1f	; 31
    000000C4 60                     225 	.db #0x60	; 96
    000000C5 61                     226 	.db #0x61	; 97	'a'
    000000C6 70                     227 	.db #0x70	; 112	'p'
    000000C7 71                     228 	.db #0x71	; 113	'q'
    000000C8 62                     229 	.db #0x62	; 98	'b'
    000000C9 63                     230 	.db #0x63	; 99	'c'
    000000CA 72                     231 	.db #0x72	; 114	'r'
    000000CB 73                     232 	.db #0x73	; 115	's'
    000000CC 20                     233 	.db #0x20	; 32
    000000CD 21                     234 	.db #0x21	; 33
    000000CE 30                     235 	.db #0x30	; 48	'0'
    000000CF 31                     236 	.db #0x31	; 49	'1'
    000000D0 22                     237 	.db #0x22	; 34
    000000D1 23                     238 	.db #0x23	; 35
    000000D2 32                     239 	.db #0x32	; 50	'2'
    000000D3 33                     240 	.db #0x33	; 51	'3'
    000000D4 00                     241 	.db #0x00	; 0
    000000D5 00                     242 	.db #0x00	; 0
    000000D6 3C                     243 	.db #0x3c	; 60
    000000D7 3D                     244 	.db #0x3d	; 61
    000000D8 0C                     245 	.db #0x0c	; 12
    000000D9 0D                     246 	.db #0x0d	; 13
    000000DA 74                     247 	.db #0x74	; 116	't'
    000000DB 75                     248 	.db #0x75	; 117	'u'
    000000DC 64                     249 	.db #0x64	; 100	'd'
    000000DD 65                     250 	.db #0x65	; 101	'e'
    000000DE 1E                     251 	.db #0x1e	; 30
    000000DF 1F                     252 	.db #0x1f	; 31
    000000E0 3A                     253 	.db #0x3a	; 58
    000000E1 3B                     254 	.db #0x3b	; 59
    000000E2 3C                     255 	.db #0x3c	; 60
    000000E3 3D                     256 	.db #0x3d	; 61
    000000E4 3A                     257 	.db #0x3a	; 58
    000000E5 3B                     258 	.db #0x3b	; 59
    000000E6 16                     259 	.db #0x16	; 22
    000000E7 17                     260 	.db #0x17	; 23
    000000E8 06                     261 	.db #0x06	; 6
    000000E9 07                     262 	.db #0x07	; 7
    000000EA 00                     263 	.db #0x00	; 0
    000000EB 00                     264 	.db #0x00	; 0
    000000EC 00                     265 	.db #0x00	; 0
    000000ED 00                     266 	.db #0x00	; 0
    000000EE 16                     267 	.db #0x16	; 22
    000000EF 17                     268 	.db #0x17	; 23
    000000F0 3A                     269 	.db #0x3a	; 58
    000000F1 3B                     270 	.db #0x3b	; 59
    000000F2 00                     271 	.db #0x00	; 0
    000000F3 00                     272 	.db #0x00	; 0
    000000F4 26                     273 	.db #0x26	; 38
    000000F5 27                     274 	.db #0x27	; 39
    000000F6 36                     275 	.db #0x36	; 54	'6'
    000000F7 37                     276 	.db #0x37	; 55	'7'
    000000F8 24                     277 	.db #0x24	; 36
    000000F9 25                     278 	.db #0x25	; 37
    000000FA 34                     279 	.db #0x34	; 52	'4'
    000000FB 35                     280 	.db #0x35	; 53	'5'
    000000FC 28                     281 	.db #0x28	; 40
    000000FD 29                     282 	.db #0x29	; 41
    000000FE 38                     283 	.db #0x38	; 56	'8'
    000000FF 39                     284 	.db #0x39	; 57	'9'
    00000100 2E                     285 	.db #0x2e	; 46
    00000101 00                     286 	.db #0x00	; 0
    00000102 3E                     287 	.db #0x3e	; 62
    00000103 00                     288 	.db #0x00	; 0
    00000104 2C                     289 	.db #0x2c	; 44
    00000105 2D                     290 	.db #0x2d	; 45
    00000106 00                     291 	.db #0x00	; 0
    00000107 00                     292 	.db #0x00	; 0
    00000108 00                     293 	.db #0x00	; 0
    00000109 2F                     294 	.db #0x2f	; 47
    0000010A 00                     295 	.db #0x00	; 0
    0000010B 3F                     296 	.db #0x3f	; 63
    0000010C 40                     297 	.db #0x40	; 64
    0000010D 41                     298 	.db #0x41	; 65	'A'
    0000010E 50                     299 	.db #0x50	; 80	'P'
    0000010F 51                     300 	.db #0x51	; 81	'Q'
    00000110 44                     301 	.db #0x44	; 68	'D'
    00000111 45                     302 	.db #0x45	; 69	'E'
    00000112 56                     303 	.db #0x56	; 86	'V'
    00000113 57                     304 	.db #0x57	; 87	'W'
    00000114 46                     305 	.db #0x46	; 70	'F'
    00000115 43                     306 	.db #0x43	; 67	'C'
    00000116 56                     307 	.db #0x56	; 86	'V'
    00000117 53                     308 	.db #0x53	; 83	'S'
    00000118 46                     309 	.db #0x46	; 70	'F'
    00000119 47                     310 	.db #0x47	; 71	'G'
    0000011A 54                     311 	.db #0x54	; 84	'T'
    0000011B 55                     312 	.db #0x55	; 85	'U'
    0000011C 42                     313 	.db #0x42	; 66	'B'
    0000011D 47                     314 	.db #0x47	; 71	'G'
    0000011E 52                     315 	.db #0x52	; 82	'R'
    0000011F 57                     316 	.db #0x57	; 87	'W'
    00000120 40                     317 	.db #0x40	; 64
    00000121 45                     318 	.db #0x45	; 69	'E'
    00000122 52                     319 	.db #0x52	; 82	'R'
    00000123 57                     320 	.db #0x57	; 87	'W'
    00000124 44                     321 	.db #0x44	; 68	'D'
    00000125 41                     322 	.db #0x41	; 65	'A'
    00000126 56                     323 	.db #0x56	; 86	'V'
    00000127 53                     324 	.db #0x53	; 83	'S'
    00000128 46                     325 	.db #0x46	; 70	'F'
    00000129 43                     326 	.db #0x43	; 67	'C'
    0000012A 54                     327 	.db #0x54	; 84	'T'
    0000012B 51                     328 	.db #0x51	; 81	'Q'
    0000012C 42                     329 	.db #0x42	; 66	'B'
    0000012D 47                     330 	.db #0x47	; 71	'G'
    0000012E 50                     331 	.db #0x50	; 80	'P'
    0000012F 55                     332 	.db #0x55	; 85	'U'
    00000130 48                     333 	.db #0x48	; 72	'H'
    00000131 47                     334 	.db #0x47	; 71	'G'
    00000132 56                     335 	.db #0x56	; 86	'V'
    00000133 57                     336 	.db #0x57	; 87	'W'
    00000134 46                     337 	.db #0x46	; 70	'F'
    00000135 49                     338 	.db #0x49	; 73	'I'
    00000136 56                     339 	.db #0x56	; 86	'V'
    00000137 57                     340 	.db #0x57	; 87	'W'
    00000138 46                     341 	.db #0x46	; 70	'F'
    00000139 47                     342 	.db #0x47	; 71	'G'
    0000013A 56                     343 	.db #0x56	; 86	'V'
    0000013B 59                     344 	.db #0x59	; 89	'Y'
    0000013C 46                     345 	.db #0x46	; 70	'F'
    0000013D 47                     346 	.db #0x47	; 71	'G'
    0000013E 58                     347 	.db #0x58	; 88	'X'
    0000013F 57                     348 	.db #0x57	; 87	'W'
    00000140 42                     349 	.db #0x42	; 66	'B'
    00000141 43                     350 	.db #0x43	; 67	'C'
    00000142 52                     351 	.db #0x52	; 82	'R'
    00000143 53                     352 	.db #0x53	; 83	'S'
    00000144 44                     353 	.db #0x44	; 68	'D'
    00000145 45                     354 	.db #0x45	; 69	'E'
    00000146 54                     355 	.db #0x54	; 84	'T'
    00000147 55                     356 	.db #0x55	; 85	'U'
    00000148 46                     357 	.db #0x46	; 70	'F'
    00000149 47                     358 	.db #0x47	; 71	'G'
    0000014A 56                     359 	.db #0x56	; 86	'V'
    0000014B 57                     360 	.db #0x57	; 87	'W'
    0000014C 40                     361 	.db #0x40	; 64
    0000014D 41                     362 	.db #0x41	; 65	'A'
    0000014E 52                     363 	.db #0x52	; 82	'R'
    0000014F 53                     364 	.db #0x53	; 83	'S'
    00000150 44                     365 	.db #0x44	; 68	'D'
    00000151 41                     366 	.db #0x41	; 65	'A'
    00000152 54                     367 	.db #0x54	; 84	'T'
    00000153 51                     368 	.db #0x51	; 81	'Q'
    00000154 42                     369 	.db #0x42	; 66	'B'
    00000155 43                     370 	.db #0x43	; 67	'C'
    00000156 50                     371 	.db #0x50	; 80	'P'
    00000157 51                     372 	.db #0x51	; 81	'Q'
    00000158 40                     373 	.db #0x40	; 64
    00000159 45                     374 	.db #0x45	; 69	'E'
    0000015A 50                     375 	.db #0x50	; 80	'P'
    0000015B 55                     376 	.db #0x55	; 85	'U'
    0000015C AC                     377 	.db #0xac	; 172
    0000015D AD                     378 	.db #0xad	; 173
    0000015E BC                     379 	.db #0xbc	; 188
    0000015F BD                     380 	.db #0xbd	; 189
    00000160 00                     381 	.db #0x00	; 0
    00000161 00                     382 	.db #0x00	; 0
    00000162 AE                     383 	.db #0xae	; 174
    00000163 AF                     384 	.db #0xaf	; 175
    00000164 BE                     385 	.db #0xbe	; 190
    00000165 BF                     386 	.db #0xbf	; 191
    00000166 00                     387 	.db #0x00	; 0
    00000167 00                     388 	.db #0x00	; 0
    00000168 3A                     389 	.db #0x3a	; 58
    00000169 3B                     390 	.db #0x3b	; 59
    0000016A 2C                     391 	.db #0x2c	; 44
    0000016B 2D                     392 	.db #0x2d	; 45
    0000016C 02                     393 	.db #0x02	; 2
    0000016D 03                     394 	.db #0x03	; 3
    0000016E 12                     395 	.db #0x12	; 18
    0000016F 13                     396 	.db #0x13	; 19
    00000170 03                     397 	.db #0x03	; 3
    00000171 03                     398 	.db #0x03	; 3
    00000172 13                     399 	.db #0x13	; 19
    00000173 13                     400 	.db #0x13	; 19
    00000174 03                     401 	.db #0x03	; 3
    00000175 04                     402 	.db #0x04	; 4
    00000176 13                     403 	.db #0x13	; 19
    00000177 14                     404 	.db #0x14	; 20
    00000178 46                     405 	.db #0x46	; 70	'F'
    00000179 47                     406 	.db #0x47	; 71	'G'
    0000017A 6E                     407 	.db #0x6e	; 110	'n'
    0000017B 6E                     408 	.db #0x6e	; 110	'n'
    0000017C 02                     409 	.db #0x02	; 2
    0000017D 03                     410 	.db #0x03	; 3
    0000017E 6E                     411 	.db #0x6e	; 110	'n'
    0000017F 6E                     412 	.db #0x6e	; 110	'n'
    00000180 03                     413 	.db #0x03	; 3
    00000181 03                     414 	.db #0x03	; 3
    00000182 6E                     415 	.db #0x6e	; 110	'n'
    00000183 6E                     416 	.db #0x6e	; 110	'n'
    00000184 03                     417 	.db #0x03	; 3
    00000185 04                     418 	.db #0x04	; 4
    00000186 6E                     419 	.db #0x6e	; 110	'n'
    00000187 6E                     420 	.db #0x6e	; 110	'n'
    00000188 01                     421 	.db #0x01	; 1
    00000189 04                     422 	.db #0x04	; 4
    0000018A 6E                     423 	.db #0x6e	; 110	'n'
    0000018B 6E                     424 	.db #0x6e	; 110	'n'
    0000018C 60                     425 	.db #0x60	; 96
    0000018D 61                     426 	.db #0x61	; 97	'a'
    0000018E 70                     427 	.db #0x70	; 112	'p'
    0000018F 71                     428 	.db #0x71	; 113	'q'
    00000190 64                     429 	.db #0x64	; 100	'd'
    00000191 65                     430 	.db #0x65	; 101	'e'
    00000192 76                     431 	.db #0x76	; 118	'v'
    00000193 77                     432 	.db #0x77	; 119	'w'
    00000194 66                     433 	.db #0x66	; 102	'f'
    00000195 63                     434 	.db #0x63	; 99	'c'
    00000196 76                     435 	.db #0x76	; 118	'v'
    00000197 73                     436 	.db #0x73	; 115	's'
    00000198 66                     437 	.db #0x66	; 102	'f'
    00000199 67                     438 	.db #0x67	; 103	'g'
    0000019A 74                     439 	.db #0x74	; 116	't'
    0000019B 75                     440 	.db #0x75	; 117	'u'
    0000019C 62                     441 	.db #0x62	; 98	'b'
    0000019D 67                     442 	.db #0x67	; 103	'g'
    0000019E 72                     443 	.db #0x72	; 114	'r'
    0000019F 77                     444 	.db #0x77	; 119	'w'
    000001A0 60                     445 	.db #0x60	; 96
    000001A1 65                     446 	.db #0x65	; 101	'e'
    000001A2 72                     447 	.db #0x72	; 114	'r'
    000001A3 77                     448 	.db #0x77	; 119	'w'
    000001A4 64                     449 	.db #0x64	; 100	'd'
    000001A5 61                     450 	.db #0x61	; 97	'a'
    000001A6 76                     451 	.db #0x76	; 118	'v'
    000001A7 73                     452 	.db #0x73	; 115	's'
    000001A8 66                     453 	.db #0x66	; 102	'f'
    000001A9 63                     454 	.db #0x63	; 99	'c'
    000001AA 74                     455 	.db #0x74	; 116	't'
    000001AB 71                     456 	.db #0x71	; 113	'q'
    000001AC 62                     457 	.db #0x62	; 98	'b'
    000001AD 67                     458 	.db #0x67	; 103	'g'
    000001AE 70                     459 	.db #0x70	; 112	'p'
    000001AF 75                     460 	.db #0x75	; 117	'u'
    000001B0 68                     461 	.db #0x68	; 104	'h'
    000001B1 67                     462 	.db #0x67	; 103	'g'
    000001B2 76                     463 	.db #0x76	; 118	'v'
    000001B3 77                     464 	.db #0x77	; 119	'w'
    000001B4 66                     465 	.db #0x66	; 102	'f'
    000001B5 69                     466 	.db #0x69	; 105	'i'
    000001B6 76                     467 	.db #0x76	; 118	'v'
    000001B7 77                     468 	.db #0x77	; 119	'w'
    000001B8 66                     469 	.db #0x66	; 102	'f'
    000001B9 67                     470 	.db #0x67	; 103	'g'
    000001BA 76                     471 	.db #0x76	; 118	'v'
    000001BB 79                     472 	.db #0x79	; 121	'y'
    000001BC 66                     473 	.db #0x66	; 102	'f'
    000001BD 67                     474 	.db #0x67	; 103	'g'
    000001BE 78                     475 	.db #0x78	; 120	'x'
    000001BF 77                     476 	.db #0x77	; 119	'w'
    000001C0 62                     477 	.db #0x62	; 98	'b'
    000001C1 63                     478 	.db #0x63	; 99	'c'
    000001C2 72                     479 	.db #0x72	; 114	'r'
    000001C3 73                     480 	.db #0x73	; 115	's'
    000001C4 64                     481 	.db #0x64	; 100	'd'
    000001C5 65                     482 	.db #0x65	; 101	'e'
    000001C6 74                     483 	.db #0x74	; 116	't'
    000001C7 75                     484 	.db #0x75	; 117	'u'
    000001C8 66                     485 	.db #0x66	; 102	'f'
    000001C9 67                     486 	.db #0x67	; 103	'g'
    000001CA 76                     487 	.db #0x76	; 118	'v'
    000001CB 77                     488 	.db #0x77	; 119	'w'
    000001CC 60                     489 	.db #0x60	; 96
    000001CD 61                     490 	.db #0x61	; 97	'a'
    000001CE 72                     491 	.db #0x72	; 114	'r'
    000001CF 73                     492 	.db #0x73	; 115	's'
    000001D0 64                     493 	.db #0x64	; 100	'd'
    000001D1 61                     494 	.db #0x61	; 97	'a'
    000001D2 74                     495 	.db #0x74	; 116	't'
    000001D3 71                     496 	.db #0x71	; 113	'q'
    000001D4 62                     497 	.db #0x62	; 98	'b'
    000001D5 63                     498 	.db #0x63	; 99	'c'
    000001D6 70                     499 	.db #0x70	; 112	'p'
    000001D7 71                     500 	.db #0x71	; 113	'q'
    000001D8 60                     501 	.db #0x60	; 96
    000001D9 65                     502 	.db #0x65	; 101	'e'
    000001DA 70                     503 	.db #0x70	; 112	'p'
    000001DB 75                     504 	.db #0x75	; 117	'u'
    000001DC 02                     505 	.db #0x02	; 2
    000001DD 03                     506 	.db #0x03	; 3
    000001DE 00                     507 	.db #0x00	; 0
    000001DF 00                     508 	.db #0x00	; 0
    000001E0 03                     509 	.db #0x03	; 3
    000001E1 03                     510 	.db #0x03	; 3
    000001E2 00                     511 	.db #0x00	; 0
    000001E3 00                     512 	.db #0x00	; 0
    000001E4 03                     513 	.db #0x03	; 3
    000001E5 04                     514 	.db #0x04	; 4
    000001E6 00                     515 	.db #0x00	; 0
    000001E7 00                     516 	.db #0x00	; 0
    000001E8 01                     517 	.db #0x01	; 1
    000001E9 04                     518 	.db #0x04	; 4
    000001EA 00                     519 	.db #0x00	; 0
    000001EB 00                     520 	.db #0x00	; 0
    000001EC 00                     521 	.db #0x00	; 0
    000001ED 00                     522 	.db #0x00	; 0
    000001EE 12                     523 	.db #0x12	; 18
    000001EF 13                     524 	.db #0x13	; 19
    000001F0 00                     525 	.db #0x00	; 0
    000001F1 00                     526 	.db #0x00	; 0
    000001F2 13                     527 	.db #0x13	; 19
    000001F3 13                     528 	.db #0x13	; 19
    000001F4 00                     529 	.db #0x00	; 0
    000001F5 00                     530 	.db #0x00	; 0
    000001F6 13                     531 	.db #0x13	; 19
    000001F7 14                     532 	.db #0x14	; 20
    000001F8 00                     533 	.db #0x00	; 0
    000001F9 00                     534 	.db #0x00	; 0
    000001FA 11                     535 	.db #0x11	; 17
    000001FB 14                     536 	.db #0x14	; 20
    000001FC 00                     537 	.db #0x00	; 0
    000001FD 00                     538 	.db #0x00	; 0
    000001FE 6E                     539 	.db #0x6e	; 110	'n'
    000001FF 6E                     540 	.db #0x6e	; 110	'n'
    00000200 7E                     541 	.db #0x7e	; 126
    00000201 7E                     542 	.db #0x7e	; 126
    00000202 00                     543 	.db #0x00	; 0
    00000203 00                     544 	.db #0x00	; 0
    00000204 00                     545 	.db #0x00	; 0
    00000205 09                     546 	.db #0x09	; 9
    00000206 00                     547 	.db #0x00	; 0
    00000207 19                     548 	.db #0x19	; 25
    00000208 08                     549 	.db #0x08	; 8
    00000209 00                     550 	.db #0x00	; 0
    0000020A 18                     551 	.db #0x18	; 24
    0000020B 00                     552 	.db #0x00	; 0
    0000020C 4C                     553 	.db #0x4c	; 76	'L'
    0000020D 4D                     554 	.db #0x4d	; 77	'M'
    0000020E 5C                     555 	.db #0x5c	; 92
    0000020F 5D                     556 	.db #0x5d	; 93
    00000210 5A                     557 	.db #0x5a	; 90	'Z'
    00000211 5A                     558 	.db #0x5a	; 90	'Z'
    00000212 10                     559 	.db #0x10	; 16
    00000213 10                     560 	.db #0x10	; 16
    00000214 10                     561 	.db #0x10	; 16
    00000215 4B                     562 	.db #0x4b	; 75	'K'
    00000216 10                     563 	.db #0x10	; 16
    00000217 4B                     564 	.db #0x4b	; 75	'K'
    00000218 10                     565 	.db #0x10	; 16
    00000219 10                     566 	.db #0x10	; 16
    0000021A 5B                     567 	.db #0x5b	; 91
    0000021B 5B                     568 	.db #0x5b	; 91
    0000021C 4A                     569 	.db #0x4a	; 74	'J'
    0000021D 10                     570 	.db #0x10	; 16
    0000021E 4A                     571 	.db #0x4a	; 74	'J'
    0000021F 10                     572 	.db #0x10	; 16
    00000220 4C                     573 	.db #0x4c	; 76	'L'
    00000221 5A                     574 	.db #0x5a	; 90	'Z'
    00000222 4A                     575 	.db #0x4a	; 74	'J'
    00000223 10                     576 	.db #0x10	; 16
    00000224 5A                     577 	.db #0x5a	; 90	'Z'
    00000225 4D                     578 	.db #0x4d	; 77	'M'
    00000226 10                     579 	.db #0x10	; 16
    00000227 4B                     580 	.db #0x4b	; 75	'K'
    00000228 10                     581 	.db #0x10	; 16
    00000229 4B                     582 	.db #0x4b	; 75	'K'
    0000022A 5B                     583 	.db #0x5b	; 91
    0000022B 5D                     584 	.db #0x5d	; 93
    0000022C 4A                     585 	.db #0x4a	; 74	'J'
    0000022D 10                     586 	.db #0x10	; 16
    0000022E 5C                     587 	.db #0x5c	; 92
    0000022F 5B                     588 	.db #0x5b	; 91
    00000230 4E                     589 	.db #0x4e	; 78	'N'
    00000231 10                     590 	.db #0x10	; 16
    00000232 10                     591 	.db #0x10	; 16
    00000233 10                     592 	.db #0x10	; 16
    00000234 10                     593 	.db #0x10	; 16
    00000235 4F                     594 	.db #0x4f	; 79	'O'
    00000236 10                     595 	.db #0x10	; 16
    00000237 10                     596 	.db #0x10	; 16
    00000238 10                     597 	.db #0x10	; 16
    00000239 10                     598 	.db #0x10	; 16
    0000023A 10                     599 	.db #0x10	; 16
    0000023B 5F                     600 	.db #0x5f	; 95
    0000023C 10                     601 	.db #0x10	; 16
    0000023D 10                     602 	.db #0x10	; 16
    0000023E 5E                     603 	.db #0x5e	; 94
    0000023F 10                     604 	.db #0x10	; 16
    00000240 4A                     605 	.db #0x4a	; 74	'J'
    00000241 4B                     606 	.db #0x4b	; 75	'K'
    00000242 4A                     607 	.db #0x4a	; 74	'J'
    00000243 4B                     608 	.db #0x4b	; 75	'K'
    00000244 5A                     609 	.db #0x5a	; 90	'Z'
    00000245 5A                     610 	.db #0x5a	; 90	'Z'
    00000246 5B                     611 	.db #0x5b	; 91
    00000247 5B                     612 	.db #0x5b	; 91
    00000248 10                     613 	.db #0x10	; 16
    00000249 10                     614 	.db #0x10	; 16
    0000024A 10                     615 	.db #0x10	; 16
    0000024B 10                     616 	.db #0x10	; 16
    0000024C 4C                     617 	.db #0x4c	; 76	'L'
    0000024D 4D                     618 	.db #0x4d	; 77	'M'
    0000024E 4A                     619 	.db #0x4a	; 74	'J'
    0000024F 4B                     620 	.db #0x4b	; 75	'K'
    00000250 5A                     621 	.db #0x5a	; 90	'Z'
    00000251 4D                     622 	.db #0x4d	; 77	'M'
    00000252 5B                     623 	.db #0x5b	; 91
    00000253 5D                     624 	.db #0x5d	; 93
    00000254 4A                     625 	.db #0x4a	; 74	'J'
    00000255 4B                     626 	.db #0x4b	; 75	'K'
    00000256 5C                     627 	.db #0x5c	; 92
    00000257 5D                     628 	.db #0x5d	; 93
    00000258 4C                     629 	.db #0x4c	; 76	'L'
    00000259 5A                     630 	.db #0x5a	; 90	'Z'
    0000025A 5C                     631 	.db #0x5c	; 92
    0000025B 5B                     632 	.db #0x5b	; 91
    0000025C 00                     633 	.db #0x00	; 0
    0000025D C1                     634 	.db #0xc1	; 193
    0000025E D0                     635 	.db #0xd0	; 208
    0000025F D1                     636 	.db #0xd1	; 209
    00000260 C2                     637 	.db #0xc2	; 194
    00000261 C3                     638 	.db #0xc3	; 195
    00000262 D2                     639 	.db #0xd2	; 210
    00000263 D3                     640 	.db #0xd3	; 211
    00000264 C4                     641 	.db #0xc4	; 196
    00000265 00                     642 	.db #0x00	; 0
    00000266 D4                     643 	.db #0xd4	; 212
    00000267 D5                     644 	.db #0xd5	; 213
    00000268 C6                     645 	.db #0xc6	; 198
    00000269 C7                     646 	.db #0xc7	; 199
    0000026A D6                     647 	.db #0xd6	; 214
    0000026B D7                     648 	.db #0xd7	; 215
    0000026C 6C                     649 	.db #0x6c	; 108	'l'
    0000026D 6D                     650 	.db #0x6d	; 109	'm'
    0000026E 7C                     651 	.db #0x7c	; 124
    0000026F 7D                     652 	.db #0x7d	; 125
    00000270 C8                     653 	.db #0xc8	; 200
    00000271 C9                     654 	.db #0xc9	; 201
    00000272 D8                     655 	.db #0xd8	; 216
    00000273 D9                     656 	.db #0xd9	; 217
    00000274 CA                     657 	.db #0xca	; 202
    00000275 CB                     658 	.db #0xcb	; 203
    00000276 00                     659 	.db #0x00	; 0
    00000277 DB                     660 	.db #0xdb	; 219
    00000278 CC                     661 	.db #0xcc	; 204
    00000279 CD                     662 	.db #0xcd	; 205
    0000027A DC                     663 	.db #0xdc	; 220
    0000027B DD                     664 	.db #0xdd	; 221
    0000027C CE                     665 	.db #0xce	; 206
    0000027D CF                     666 	.db #0xcf	; 207
    0000027E DE                     667 	.db #0xde	; 222
    0000027F 00                     668 	.db #0x00	; 0
    00000280 C0                     669 	.db #0xc0	; 192
    00000281 C5                     670 	.db #0xc5	; 197
    00000282 DA                     671 	.db #0xda	; 218
    00000283 DF                     672 	.db #0xdf	; 223
    00000284 6A                     673 	.db #0x6a	; 106	'j'
    00000285 6B                     674 	.db #0x6b	; 107	'k'
    00000286 7A                     675 	.db #0x7a	; 122	'z'
    00000287 7B                     676 	.db #0x7b	; 123
    00000288 00                     677 	.db #0x00	; 0
    00000289 00                     678 	.db #0x00	; 0
    0000028A C0                     679 	.db #0xc0	; 192
    0000028B C5                     680 	.db #0xc5	; 197
    0000028C 00                     681 	.db #0x00	; 0
    0000028D 00                     682 	.db #0x00	; 0
    0000028E 6F                     683 	.db #0x6f	; 111	'o'
    0000028F 7F                     684 	.db #0x7f	; 127
    00000290 8F                     685 	.db #0x8f	; 143
    00000291 9F                     686 	.db #0x9f	; 159
    00000292 00                     687 	.db #0x00	; 0
    00000293 00                     688 	.db #0x00	; 0
    00000294 06                     689 	.db #0x06	; 6
    00000295 07                     690 	.db #0x07	; 7
    00000296 6E                     691 	.db #0x6e	; 110	'n'
    00000297 6E                     692 	.db #0x6e	; 110	'n'
    00000298 7E                     693 	.db #0x7e	; 126
    00000299 7E                     694 	.db #0x7e	; 126
    0000029A 16                     695 	.db #0x16	; 22
    0000029B 17                     696 	.db #0x17	; 23
    0000029C 6A                     697 	.db #0x6a	; 106	'j'
    0000029D 6B                     698 	.db #0x6b	; 107	'k'
    0000029E 7A                     699 	.db #0x7a	; 122	'z'
    0000029F 7B                     700 	.db #0x7b	; 123
    000002A0 4E                     701 	.db #0x4e	; 78	'N'
    000002A1 4F                     702 	.db #0x4f	; 79	'O'
    000002A2 5E                     703 	.db #0x5e	; 94
    000002A3 5F                     704 	.db #0x5f	; 95
    000002A4 4A                     705 	.db #0x4a	; 74	'J'
    000002A5 4B                     706 	.db #0x4b	; 75	'K'
    000002A6 5A                     707 	.db #0x5a	; 90	'Z'
    000002A7 5B                     708 	.db #0x5b	; 91
    000002A8 4C                     709 	.db #0x4c	; 76	'L'
    000002A9 4D                     710 	.db #0x4d	; 77	'M'
    000002AA 5C                     711 	.db #0x5c	; 92
    000002AB 5D                     712 	.db #0x5d	; 93
    000002AC 0A                     713 	.db #0x0a	; 10
    000002AD 0B                     714 	.db #0x0b	; 11
    000002AE 1A                     715 	.db #0x1a	; 26
    000002AF 1B                     716 	.db #0x1b	; 27
    000002B0 0B                     717 	.db #0x0b	; 11
    000002B1 0B                     718 	.db #0x0b	; 11
    000002B2 1B                     719 	.db #0x1b	; 27
    000002B3 1B                     720 	.db #0x1b	; 27
    000002B4 00                     721 	.db #0x00	; 0
    000002B5 6A                     722 	.db #0x6a	; 106	'j'
    000002B6 6E                     723 	.db #0x6e	; 110	'n'
    000002B7 7A                     724 	.db #0x7a	; 122	'z'
    000002B8 6B                     725 	.db #0x6b	; 107	'k'
    000002B9 00                     726 	.db #0x00	; 0
    000002BA 7B                     727 	.db #0x7b	; 123
    000002BB 6E                     728 	.db #0x6e	; 110	'n'
    000002BC 00                     729 	.db #0x00	; 0
    000002BD 6A                     730 	.db #0x6a	; 106	'j'
    000002BE 00                     731 	.db #0x00	; 0
    000002BF 7A                     732 	.db #0x7a	; 122	'z'
    000002C0 6B                     733 	.db #0x6b	; 107	'k'
    000002C1 00                     734 	.db #0x00	; 0
    000002C2 7B                     735 	.db #0x7b	; 123
    000002C3 00                     736 	.db #0x00	; 0
    000002C4 00                     737 	.db #0x00	; 0
    000002C5 00                     738 	.db #0x00	; 0
    000002C6 AF                     739 	.db #0xaf	; 175
    000002C7 AE                     740 	.db #0xae	; 174
    000002C8 46                     741 	.db #0x46	; 70	'F'
    000002C9 47                     742 	.db #0x47	; 71	'G'
    000002CA 56                     743 	.db #0x56	; 86	'V'
    000002CB 57                     744 	.db #0x57	; 87	'W'
    000002CC 00                     745 	.db #0x00	; 0
    000002CD 80                     746 	.db #0x80	; 128
    000002CE 90                     747 	.db #0x90	; 144
    000002CF BB                     748 	.db #0xbb	; 187
    000002D0 81                     749 	.db #0x81	; 129
    000002D1 00                     750 	.db #0x00	; 0
    000002D2 BA                     751 	.db #0xba	; 186
    000002D3 91                     752 	.db #0x91	; 145
    000002D4 82                     753 	.db #0x82	; 130
    000002D5 AB                     754 	.db #0xab	; 171
    000002D6 00                     755 	.db #0x00	; 0
    000002D7 92                     756 	.db #0x92	; 146
    000002D8 AA                     757 	.db #0xaa	; 170
    000002D9 83                     758 	.db #0x83	; 131
    000002DA 93                     759 	.db #0x93	; 147
    000002DB 00                     760 	.db #0x00	; 0
    000002DC 00                     761 	.db #0x00	; 0
    000002DD 00                     762 	.db #0x00	; 0
    000002DE 94                     763 	.db #0x94	; 148
    000002DF 95                     764 	.db #0x95	; 149
    000002E0 84                     765 	.db #0x84	; 132
    000002E1 85                     766 	.db #0x85	; 133
    000002E2 BA                     767 	.db #0xba	; 186
    000002E3 BB                     768 	.db #0xbb	; 187
    000002E4 86                     769 	.db #0x86	; 134
    000002E5 87                     770 	.db #0x87	; 135
    000002E6 BA                     771 	.db #0xba	; 186
    000002E7 BB                     772 	.db #0xbb	; 187
    000002E8 00                     773 	.db #0x00	; 0
    000002E9 00                     774 	.db #0x00	; 0
    000002EA 96                     775 	.db #0x96	; 150
    000002EB 97                     776 	.db #0x97	; 151
    000002EC 88                     777 	.db #0x88	; 136
    000002ED 89                     778 	.db #0x89	; 137
    000002EE 00                     779 	.db #0x00	; 0
    000002EF 00                     780 	.db #0x00	; 0
    000002F0 AA                     781 	.db #0xaa	; 170
    000002F1 AB                     782 	.db #0xab	; 171
    000002F2 98                     783 	.db #0x98	; 152
    000002F3 99                     784 	.db #0x99	; 153
    000002F4 AA                     785 	.db #0xaa	; 170
    000002F5 AB                     786 	.db #0xab	; 171
    000002F6 9A                     787 	.db #0x9a	; 154
    000002F7 9B                     788 	.db #0x9b	; 155
    000002F8 8A                     789 	.db #0x8a	; 138
    000002F9 8B                     790 	.db #0x8b	; 139
    000002FA 00                     791 	.db #0x00	; 0
    000002FB 00                     792 	.db #0x00	; 0
    000002FC 00                     793 	.db #0x00	; 0
    000002FD A1                     794 	.db #0xa1	; 161
    000002FE 00                     795 	.db #0x00	; 0
    000002FF B1                     796 	.db #0xb1	; 177
    00000300 A0                     797 	.db #0xa0	; 160
    00000301 AB                     798 	.db #0xab	; 171
    00000302 B0                     799 	.db #0xb0	; 176
    00000303 BB                     800 	.db #0xbb	; 187
    00000304 AA                     801 	.db #0xaa	; 170
    00000305 A3                     802 	.db #0xa3	; 163
    00000306 BA                     803 	.db #0xba	; 186
    00000307 B3                     804 	.db #0xb3	; 179
    00000308 A2                     805 	.db #0xa2	; 162
    00000309 00                     806 	.db #0x00	; 0
    0000030A B2                     807 	.db #0xb2	; 178
    0000030B 00                     808 	.db #0x00	; 0
    0000030C 00                     809 	.db #0x00	; 0
    0000030D A5                     810 	.db #0xa5	; 165
    0000030E 00                     811 	.db #0x00	; 0
    0000030F B5                     812 	.db #0xb5	; 181
    00000310 A4                     813 	.db #0xa4	; 164
    00000311 AB                     814 	.db #0xab	; 171
    00000312 B4                     815 	.db #0xb4	; 180
    00000313 BB                     816 	.db #0xbb	; 187
    00000314 AA                     817 	.db #0xaa	; 170
    00000315 A7                     818 	.db #0xa7	; 167
    00000316 BA                     819 	.db #0xba	; 186
    00000317 B7                     820 	.db #0xb7	; 183
    00000318 A6                     821 	.db #0xa6	; 166
    00000319 00                     822 	.db #0x00	; 0
    0000031A B6                     823 	.db #0xb6	; 182
    0000031B 00                     824 	.db #0x00	; 0
    0000031C A8                     825 	.db #0xa8	; 168
    0000031D AB                     826 	.db #0xab	; 171
    0000031E BA                     827 	.db #0xba	; 186
    0000031F BB                     828 	.db #0xbb	; 187
    00000320 AA                     829 	.db #0xaa	; 170
    00000321 A9                     830 	.db #0xa9	; 169
    00000322 BA                     831 	.db #0xba	; 186
    00000323 BB                     832 	.db #0xbb	; 187
    00000324 AA                     833 	.db #0xaa	; 170
    00000325 AB                     834 	.db #0xab	; 171
    00000326 BA                     835 	.db #0xba	; 186
    00000327 B9                     836 	.db #0xb9	; 185
    00000328 AA                     837 	.db #0xaa	; 170
    00000329 AB                     838 	.db #0xab	; 171
    0000032A B8                     839 	.db #0xb8	; 184
    0000032B BB                     840 	.db #0xbb	; 187
    0000032C 15                     841 	.db #0x15	; 21
    0000032D 00                     842 	.db #0x00	; 0
    0000032E FF                     843 	.db #0xff	; 255
    0000032F 00                     844 	.db #0x00	; 0
    00000330 00                     845 	.db #0x00	; 0
    00000331 15                     846 	.db #0x15	; 21
    00000332 00                     847 	.db #0x00	; 0
    00000333 FF                     848 	.db #0xff	; 255
    00000334 15                     849 	.db #0x15	; 21
    00000335 00                     850 	.db #0x00	; 0
    00000336 FF                     851 	.db #0xff	; 255
    00000337 FF                     852 	.db #0xff	; 255
    00000338 00                     853 	.db #0x00	; 0
    00000339 15                     854 	.db #0x15	; 21
    0000033A FF                     855 	.db #0xff	; 255
    0000033B FF                     856 	.db #0xff	; 255
    0000033C 15                     857 	.db #0x15	; 21
    0000033D 15                     858 	.db #0x15	; 21
    0000033E FF                     859 	.db #0xff	; 255
    0000033F FF                     860 	.db #0xff	; 255
    00000340 00                     861 	.db #0x00	; 0
    00000341 00                     862 	.db #0x00	; 0
    00000342 15                     863 	.db #0x15	; 21
    00000343 00                     864 	.db #0x00	; 0
    00000344 00                     865 	.db #0x00	; 0
    00000345 00                     866 	.db #0x00	; 0
    00000346 00                     867 	.db #0x00	; 0
    00000347 15                     868 	.db #0x15	; 21
    00000348 00                     869 	.db #0x00	; 0
    00000349 00                     870 	.db #0x00	; 0
    0000034A 15                     871 	.db #0x15	; 21
    0000034B 15                     872 	.db #0x15	; 21
    0000034C FF                     873 	.db #0xff	; 255
    0000034D 00                     874 	.db #0x00	; 0
    0000034E 00                     875 	.db #0x00	; 0
    0000034F 00                     876 	.db #0x00	; 0
    00000350 00                     877 	.db #0x00	; 0
    00000351 FF                     878 	.db #0xff	; 255
    00000352 00                     879 	.db #0x00	; 0
    00000353 00                     880 	.db #0x00	; 0
    00000354 00                     881 	.db #0x00	; 0
    00000355 00                     882 	.db #0x00	; 0
    00000356 FF                     883 	.db #0xff	; 255
    00000357 00                     884 	.db #0x00	; 0
    00000358 00                     885 	.db #0x00	; 0
    00000359 00                     886 	.db #0x00	; 0
    0000035A 00                     887 	.db #0x00	; 0
    0000035B FF                     888 	.db #0xff	; 255
    0000035C FF                     889 	.db #0xff	; 255
    0000035D FF                     890 	.db #0xff	; 255
    0000035E 00                     891 	.db #0x00	; 0
    0000035F 00                     892 	.db #0x00	; 0
    00000360 00                     893 	.db #0x00	; 0
    00000361 00                     894 	.db #0x00	; 0
    00000362 FF                     895 	.db #0xff	; 255
    00000363 FF                     896 	.db #0xff	; 255
    00000364 FF                     897 	.db #0xff	; 255
    00000365 00                     898 	.db #0x00	; 0
    00000366 FF                     899 	.db #0xff	; 255
    00000367 00                     900 	.db #0x00	; 0
    00000368 00                     901 	.db #0x00	; 0
    00000369 FF                     902 	.db #0xff	; 255
    0000036A 00                     903 	.db #0x00	; 0
    0000036B FF                     904 	.db #0xff	; 255
    0000036C FF                     905 	.db #0xff	; 255
    0000036D FF                     906 	.db #0xff	; 255
    0000036E FF                     907 	.db #0xff	; 255
    0000036F 00                     908 	.db #0x00	; 0
    00000370 FF                     909 	.db #0xff	; 255
    00000371 FF                     910 	.db #0xff	; 255
    00000372 00                     911 	.db #0x00	; 0
    00000373 FF                     912 	.db #0xff	; 255
    00000374 FF                     913 	.db #0xff	; 255
    00000375 00                     914 	.db #0x00	; 0
    00000376 FF                     915 	.db #0xff	; 255
    00000377 FF                     916 	.db #0xff	; 255
    00000378 00                     917 	.db #0x00	; 0
    00000379 FF                     918 	.db #0xff	; 255
    0000037A FF                     919 	.db #0xff	; 255
    0000037B FF                     920 	.db #0xff	; 255
    0000037C FF                     921 	.db #0xff	; 255
    0000037D 00                     922 	.db #0x00	; 0
    0000037E 00                     923 	.db #0x00	; 0
    0000037F FF                     924 	.db #0xff	; 255
    00000380 00                     925 	.db #0x00	; 0
    00000381 FF                     926 	.db #0xff	; 255
    00000382 FF                     927 	.db #0xff	; 255
    00000383 00                     928 	.db #0x00	; 0
    00000384 05                     929 	.db #0x05	; 5
    00000385 00                     930 	.db #0x00	; 0
    00000386 00                     931 	.db #0x00	; 0
    00000387 00                     932 	.db #0x00	; 0
    00000388 00                     933 	.db #0x00	; 0
    00000389 05                     934 	.db #0x05	; 5
    0000038A 00                     935 	.db #0x00	; 0
    0000038B 00                     936 	.db #0x00	; 0
    0000038C 05                     937 	.db #0x05	; 5
    0000038D 05                     938 	.db #0x05	; 5
    0000038E 00                     939 	.db #0x00	; 0
    0000038F 00                     940 	.db #0x00	; 0
    00000390 2C                     941 	.db #0x2c	; 44
    00000391 09                     942 	.db #0x09	; 9
    00000392 00                     943 	.db #0x00	; 0
    00000393 3F                     944 	.db #0x3f	; 63
    00000394 08                     945 	.db #0x08	; 8
    00000395 2D                     946 	.db #0x2d	; 45
    00000396 3E                     947 	.db #0x3e	; 62
    00000397 00                     948 	.db #0x00	; 0
    00000398 00                     949 	.db #0x00	; 0
    00000399 2F                     950 	.db #0x2f	; 47
    0000039A 3C                     951 	.db #0x3c	; 60
    0000039B 19                     952 	.db #0x19	; 25
    0000039C 2E                     953 	.db #0x2e	; 46
    0000039D 00                     954 	.db #0x00	; 0
    0000039E 18                     955 	.db #0x18	; 24
    0000039F 3D                     956 	.db #0x3d	; 61
    000003A0 22                     957 	.db #0x22	; 34
    000003A1 23                     958 	.db #0x23	; 35
    000003A2 32                     959 	.db #0x32	; 50	'2'
    000003A3 33                     960 	.db #0x33	; 51	'3'
    000003A4 24                     961 	.db #0x24	; 36
    000003A5 25                     962 	.db #0x25	; 37
    000003A6 34                     963 	.db #0x34	; 52	'4'
    000003A7 35                     964 	.db #0x35	; 53	'5'
    000003A8 3C                     965 	.db #0x3c	; 60
    000003A9 3D                     966 	.db #0x3d	; 61
    000003AA 3A                     967 	.db #0x3a	; 58
    000003AB 3B                     968 	.db #0x3b	; 59
    000003AC 2C                     969 	.db #0x2c	; 44
    000003AD 2D                     970 	.db #0x2d	; 45
    000003AE 3A                     971 	.db #0x3a	; 58
    000003AF 3B                     972 	.db #0x3b	; 59
    000003B0 3A                     973 	.db #0x3a	; 58
    000003B1 3B                     974 	.db #0x3b	; 59
    000003B2 56                     975 	.db #0x56	; 86	'V'
    000003B3 57                     976 	.db #0x57	; 87	'W'
    000003B4 46                     977 	.db #0x46	; 70	'F'
    000003B5 47                     978 	.db #0x47	; 71	'G'
    000003B6 3A                     979 	.db #0x3a	; 58
    000003B7 3B                     980 	.db #0x3b	; 59
    000003B8 00                     981 	.db #0x00	; 0
    000003B9 00                     982 	.db #0x00	; 0
    000003BA 3C                     983 	.db #0x3c	; 60
    000003BB 3D                     984 	.db #0x3d	; 61
    000003BC 2C                     985 	.db #0x2c	; 44
    000003BD 2D                     986 	.db #0x2d	; 45
    000003BE 00                     987 	.db #0x00	; 0
    000003BF 00                     988 	.db #0x00	; 0
    000003C0 00                     989 	.db #0x00	; 0
    000003C1 00                     990 	.db #0x00	; 0
    000003C2 15                     991 	.db #0x15	; 21
    000003C3 00                     992 	.db #0x00	; 0
    000003C4 00                     993 	.db #0x00	; 0
    000003C5 00                     994 	.db #0x00	; 0
    000003C6 00                     995 	.db #0x00	; 0
    000003C7 15                     996 	.db #0x15	; 21
    000003C8 00                     997 	.db #0x00	; 0
    000003C9 00                     998 	.db #0x00	; 0
    000003CA 15                     999 	.db #0x15	; 21
    000003CB 15                    1000 	.db #0x15	; 21
    000003CC 05                    1001 	.db #0x05	; 5
    000003CD 00                    1002 	.db #0x00	; 0
    000003CE 00                    1003 	.db #0x00	; 0
    000003CF 00                    1004 	.db #0x00	; 0
    000003D0 00                    1005 	.db #0x00	; 0
    000003D1 05                    1006 	.db #0x05	; 5
    000003D2 00                    1007 	.db #0x00	; 0
    000003D3 00                    1008 	.db #0x00	; 0
    000003D4 05                    1009 	.db #0x05	; 5
    000003D5 05                    1010 	.db #0x05	; 5
    000003D6 00                    1011 	.db #0x00	; 0
    000003D7 00                    1012 	.db #0x00	; 0
    000003D8 FF                    1013 	.db #0xff	; 255
    000003D9 FF                    1014 	.db #0xff	; 255
    000003DA FF                    1015 	.db #0xff	; 255
    000003DB FF                    1016 	.db #0xff	; 255
    000003DC 10                    1017 	.db #0x10	; 16
    000003DD 10                    1018 	.db #0x10	; 16
    000003DE 56                    1019 	.db #0x56	; 86	'V'
    000003DF 57                    1020 	.db #0x57	; 87	'W'
    000003E0 10                    1021 	.db #0x10	; 16
    000003E1 10                    1022 	.db #0x10	; 16
    000003E2 56                    1023 	.db #0x56	; 86	'V'
    000003E3 10                    1024 	.db #0x10	; 16
    000003E4 46                    1025 	.db #0x46	; 70	'F'
    000003E5 10                    1026 	.db #0x10	; 16
    000003E6 56                    1027 	.db #0x56	; 86	'V'
    000003E7 10                    1028 	.db #0x10	; 16
    000003E8 00                    1029 	.db #0x00	; 0
    000003E9 00                    1030 	.db #0x00	; 0
    000003EA 94                    1031 	.db #0x94	; 148
    000003EB 95                    1032 	.db #0x95	; 149
    000003EC 84                    1033 	.db #0x84	; 132
    000003ED 85                    1034 	.db #0x85	; 133
    000003EE BA                    1035 	.db #0xba	; 186
    000003EF BB                    1036 	.db #0xbb	; 187
    000003F0 22                    1037 	.db #0x22	; 34
    000003F1 23                    1038 	.db #0x23	; 35
    000003F2 32                    1039 	.db #0x32	; 50	'2'
    000003F3 33                    1040 	.db #0x33	; 51	'3'
    000003F4 22                    1041 	.db #0x22	; 34
    000003F5 23                    1042 	.db #0x23	; 35
    000003F6 32                    1043 	.db #0x32	; 50	'2'
    000003F7 33                    1044 	.db #0x33	; 51	'3'
    000003F8 24                    1045 	.db #0x24	; 36
    000003F9 25                    1046 	.db #0x25	; 37
    000003FA 34                    1047 	.db #0x34	; 52	'4'
    000003FB 35                    1048 	.db #0x35	; 53	'5'
    000003FC 24                    1049 	.db #0x24	; 36
    000003FD 25                    1050 	.db #0x25	; 37
    000003FE 34                    1051 	.db #0x34	; 52	'4'
    000003FF 35                    1052 	.db #0x35	; 53	'5'
    00000400 20                    1053 	.db #0x20	; 32
    00000401 21                    1054 	.db #0x21	; 33
    00000402 30                    1055 	.db #0x30	; 48	'0'
    00000403 31                    1056 	.db #0x31	; 49	'1'
    00000404 20                    1057 	.db #0x20	; 32
    00000405 21                    1058 	.db #0x21	; 33
    00000406 30                    1059 	.db #0x30	; 48	'0'
    00000407 31                    1060 	.db #0x31	; 49	'1'
    00000408 00                    1061 	.db #0x00	; 0
    00000409 00                    1062 	.db #0x00	; 0
    0000040A 00                    1063 	.db #0x00	; 0
    0000040B 00                    1064 	.db #0x00	; 0
    0000040C 40                    1065 	.db #0x40	; 64
    0000040D 41                    1066 	.db #0x41	; 65	'A'
    0000040E 52                    1067 	.db #0x52	; 82	'R'
    0000040F 53                    1068 	.db #0x53	; 83	'S'
    00000410 42                    1069 	.db #0x42	; 66	'B'
    00000411 47                    1070 	.db #0x47	; 71	'G'
    00000412 52                    1071 	.db #0x52	; 82	'R'
    00000413 57                    1072 	.db #0x57	; 87	'W'
    00000414 42                    1073 	.db #0x42	; 66	'B'
    00000415 47                    1074 	.db #0x47	; 71	'G'
    00000416 50                    1075 	.db #0x50	; 80	'P'
    00000417 55                    1076 	.db #0x55	; 85	'U'
    00000418 00                    1077 	.db #0x00	; 0
    00000419 00                    1078 	.db #0x00	; 0
    0000041A 00                    1079 	.db #0x00	; 0
    0000041B 00                    1080 	.db #0x00	; 0
    0000041C 42                    1081 	.db #0x42	; 66	'B'
    0000041D 43                    1082 	.db #0x43	; 67	'C'
    0000041E 50                    1083 	.db #0x50	; 80	'P'
    0000041F 51                    1084 	.db #0x51	; 81	'Q'
    00000420 40                    1085 	.db #0x40	; 64
    00000421 45                    1086 	.db #0x45	; 69	'E'
    00000422 52                    1087 	.db #0x52	; 82	'R'
    00000423 57                    1088 	.db #0x57	; 87	'W'
    00000424 20                    1089 	.db #0x20	; 32
    00000425 21                    1090 	.db #0x21	; 33
    00000426 30                    1091 	.db #0x30	; 48	'0'
    00000427 31                    1092 	.db #0x31	; 49	'1'
    00000428 20                    1093 	.db #0x20	; 32
    00000429 21                    1094 	.db #0x21	; 33
    0000042A 30                    1095 	.db #0x30	; 48	'0'
    0000042B 31                    1096 	.db #0x31	; 49	'1'
    0000042C 00                    1097 	.db #0x00	; 0
    0000042D AC                    1098 	.db #0xac	; 172
    0000042E 00                    1099 	.db #0x00	; 0
    0000042F BC                    1100 	.db #0xbc	; 188
    00000430 AD                    1101 	.db #0xad	; 173
    00000431 00                    1102 	.db #0x00	; 0
    00000432 BD                    1103 	.db #0xbd	; 189
    00000433 00                    1104 	.db #0x00	; 0
    00000434 00                    1105 	.db #0x00	; 0
    00000435 00                    1106 	.db #0x00	; 0
    00000436 00                    1107 	.db #0x00	; 0
    00000437 AE                    1108 	.db #0xae	; 174
    00000438 00                    1109 	.db #0x00	; 0
    00000439 00                    1110 	.db #0x00	; 0
    0000043A AF                    1111 	.db #0xaf	; 175
    0000043B 00                    1112 	.db #0x00	; 0
    0000043C 00                    1113 	.db #0x00	; 0
    0000043D BE                    1114 	.db #0xbe	; 190
    0000043E 00                    1115 	.db #0x00	; 0
    0000043F 00                    1116 	.db #0x00	; 0
    00000440 BF                    1117 	.db #0xbf	; 191
    00000441 00                    1118 	.db #0x00	; 0
    00000442 00                    1119 	.db #0x00	; 0
    00000443 00                    1120 	.db #0x00	; 0
    00000444 00                    1121 	.db #0x00	; 0
    00000445 00                    1122 	.db #0x00	; 0
    00000446 AC                    1123 	.db #0xac	; 172
    00000447 AD                    1124 	.db #0xad	; 173
    00000448 BC                    1125 	.db #0xbc	; 188
    00000449 BD                    1126 	.db #0xbd	; 189
    0000044A 00                    1127 	.db #0x00	; 0
    0000044B 00                    1128 	.db #0x00	; 0
    0000044C 00                    1129 	.db #0x00	; 0
    0000044D 00                    1130 	.db #0x00	; 0
    0000044E 00                    1131 	.db #0x00	; 0
    0000044F 3C                    1132 	.db #0x3c	; 60
    00000450 00                    1133 	.db #0x00	; 0
    00000451 00                    1134 	.db #0x00	; 0
    00000452 3D                    1135 	.db #0x3d	; 61
    00000453 00                    1136 	.db #0x00	; 0
    00000454 00                    1137 	.db #0x00	; 0
    00000455 2C                    1138 	.db #0x2c	; 44
    00000456 00                    1139 	.db #0x00	; 0
    00000457 00                    1140 	.db #0x00	; 0
    00000458 2D                    1141 	.db #0x2d	; 45
    00000459 00                    1142 	.db #0x00	; 0
    0000045A 00                    1143 	.db #0x00	; 0
    0000045B 00                    1144 	.db #0x00	; 0
    0000045C 00                    1145 	.db #0x00	; 0
    0000045D 22                    1146 	.db #0x22	; 34
    0000045E 00                    1147 	.db #0x00	; 0
    0000045F 32                    1148 	.db #0x32	; 50	'2'
    00000460 23                    1149 	.db #0x23	; 35
    00000461 00                    1150 	.db #0x00	; 0
    00000462 33                    1151 	.db #0x33	; 51	'3'
    00000463 00                    1152 	.db #0x00	; 0
    00000464 23                    1153 	.db #0x23	; 35
    00000465 22                    1154 	.db #0x22	; 34
    00000466 33                    1155 	.db #0x33	; 51	'3'
    00000467 32                    1156 	.db #0x32	; 50	'2'
    00000468 00                    1157 	.db #0x00	; 0
    00000469 60                    1158 	.db #0x60	; 96
    0000046A 00                    1159 	.db #0x00	; 0
    0000046B 70                    1160 	.db #0x70	; 112	'p'
    0000046C 61                    1161 	.db #0x61	; 97	'a'
    0000046D 00                    1162 	.db #0x00	; 0
    0000046E 71                    1163 	.db #0x71	; 113	'q'
    0000046F 00                    1164 	.db #0x00	; 0
    00000470 00                    1165 	.db #0x00	; 0
    00000471 24                    1166 	.db #0x24	; 36
    00000472 00                    1167 	.db #0x00	; 0
    00000473 34                    1168 	.db #0x34	; 52	'4'
    00000474 25                    1169 	.db #0x25	; 37
    00000475 00                    1170 	.db #0x00	; 0
    00000476 35                    1171 	.db #0x35	; 53	'5'
    00000477 00                    1172 	.db #0x00	; 0
    00000478 25                    1173 	.db #0x25	; 37
    00000479 24                    1174 	.db #0x24	; 36
    0000047A 35                    1175 	.db #0x35	; 53	'5'
    0000047B 34                    1176 	.db #0x34	; 52	'4'
    0000047C 00                    1177 	.db #0x00	; 0
    0000047D 00                    1178 	.db #0x00	; 0
    0000047E 00                    1179 	.db #0x00	; 0
    0000047F 00                    1180 	.db #0x00	; 0
    00000480 44                    1181 	.db #0x44	; 68	'D'
    00000481 41                    1182 	.db #0x41	; 65	'A'
    00000482 56                    1183 	.db #0x56	; 86	'V'
    00000483 53                    1184 	.db #0x53	; 83	'S'
    00000484 00                    1185 	.db #0x00	; 0
    00000485 00                    1186 	.db #0x00	; 0
    00000486 00                    1187 	.db #0x00	; 0
    00000487 00                    1188 	.db #0x00	; 0
    00000488 00                    1189 	.db #0x00	; 0
    00000489 00                    1190 	.db #0x00	; 0
    0000048A 00                    1191 	.db #0x00	; 0
    0000048B 00                    1192 	.db #0x00	; 0
    0000048C                       1193 _famidash_metatile_palettes:
    0000048C 00                    1194 	.db #0x00	; 0
    0000048D 01                    1195 	.db #0x01	; 1
    0000048E 01                    1196 	.db #0x01	; 1
    0000048F 00                    1197 	.db #0x00	; 0
    00000490 00                    1198 	.db #0x00	; 0
    00000491 01                    1199 	.db #0x01	; 1
    00000492 01                    1200 	.db #0x01	; 1
    00000493 01                    1201 	.db #0x01	; 1
    00000494 00                    1202 	.db #0x00	; 0
    00000495 00                    1203 	.db #0x00	; 0
    00000496 00                    1204 	.db #0x00	; 0
    00000497 00                    1205 	.db #0x00	; 0
    00000498 02                    1206 	.db #0x02	; 2
    00000499 02                    1207 	.db #0x02	; 2
    0000049A 02                    1208 	.db #0x02	; 2
    0000049B 02                    1209 	.db #0x02	; 2
    0000049C 00                    1210 	.db #0x00	; 0
    0000049D 00                    1211 	.db #0x00	; 0
    0000049E 00                    1212 	.db #0x00	; 0
    0000049F 02                    1213 	.db #0x02	; 2
    000004A0 02                    1214 	.db #0x02	; 2
    000004A1 00                    1215 	.db #0x00	; 0
    000004A2 00                    1216 	.db #0x00	; 0
    000004A3 00                    1217 	.db #0x00	; 0
    000004A4 00                    1218 	.db #0x00	; 0
    000004A5 00                    1219 	.db #0x00	; 0
    000004A6 00                    1220 	.db #0x00	; 0
    000004A7 00                    1221 	.db #0x00	; 0
    000004A8 00                    1222 	.db #0x00	; 0
    000004A9 00                    1223 	.db #0x00	; 0
    000004AA 00                    1224 	.db #0x00	; 0
    000004AB 00                    1225 	.db #0x00	; 0
    000004AC 00                    1226 	.db #0x00	; 0
    000004AD 00                    1227 	.db #0x00	; 0
    000004AE 00                    1228 	.db #0x00	; 0
    000004AF 00                    1229 	.db #0x00	; 0
    000004B0 00                    1230 	.db #0x00	; 0
    000004B1 00                    1231 	.db #0x00	; 0
    000004B2 00                    1232 	.db #0x00	; 0
    000004B3 00                    1233 	.db #0x00	; 0
    000004B4 00                    1234 	.db #0x00	; 0
    000004B5 00                    1235 	.db #0x00	; 0
    000004B6 00                    1236 	.db #0x00	; 0
    000004B7 00                    1237 	.db #0x00	; 0
    000004B8 00                    1238 	.db #0x00	; 0
    000004B9 00                    1239 	.db #0x00	; 0
    000004BA 00                    1240 	.db #0x00	; 0
    000004BB 00                    1241 	.db #0x00	; 0
    000004BC 00                    1242 	.db #0x00	; 0
    000004BD 00                    1243 	.db #0x00	; 0
    000004BE 00                    1244 	.db #0x00	; 0
    000004BF 00                    1245 	.db #0x00	; 0
    000004C0 00                    1246 	.db #0x00	; 0
    000004C1 00                    1247 	.db #0x00	; 0
    000004C2 00                    1248 	.db #0x00	; 0
    000004C3 00                    1249 	.db #0x00	; 0
    000004C4 00                    1250 	.db #0x00	; 0
    000004C5 00                    1251 	.db #0x00	; 0
    000004C6 00                    1252 	.db #0x00	; 0
    000004C7 00                    1253 	.db #0x00	; 0
    000004C8 00                    1254 	.db #0x00	; 0
    000004C9 00                    1255 	.db #0x00	; 0
    000004CA 00                    1256 	.db #0x00	; 0
    000004CB 00                    1257 	.db #0x00	; 0
    000004CC 00                    1258 	.db #0x00	; 0
    000004CD 00                    1259 	.db #0x00	; 0
    000004CE 00                    1260 	.db #0x00	; 0
    000004CF 00                    1261 	.db #0x00	; 0
    000004D0 00                    1262 	.db #0x00	; 0
    000004D1 00                    1263 	.db #0x00	; 0
    000004D2 00                    1264 	.db #0x00	; 0
    000004D3 00                    1265 	.db #0x00	; 0
    000004D4 00                    1266 	.db #0x00	; 0
    000004D5 00                    1267 	.db #0x00	; 0
    000004D6 00                    1268 	.db #0x00	; 0
    000004D7 00                    1269 	.db #0x00	; 0
    000004D8 00                    1270 	.db #0x00	; 0
    000004D9 00                    1271 	.db #0x00	; 0
    000004DA 00                    1272 	.db #0x00	; 0
    000004DB 00                    1273 	.db #0x00	; 0
    000004DC 00                    1274 	.db #0x00	; 0
    000004DD 00                    1275 	.db #0x00	; 0
    000004DE 00                    1276 	.db #0x00	; 0
    000004DF 00                    1277 	.db #0x00	; 0
    000004E0 00                    1278 	.db #0x00	; 0
    000004E1 00                    1279 	.db #0x00	; 0
    000004E2 00                    1280 	.db #0x00	; 0
    000004E3 00                    1281 	.db #0x00	; 0
    000004E4 00                    1282 	.db #0x00	; 0
    000004E5 00                    1283 	.db #0x00	; 0
    000004E6 00                    1284 	.db #0x00	; 0
    000004E7 00                    1285 	.db #0x00	; 0
    000004E8 00                    1286 	.db #0x00	; 0
    000004E9 00                    1287 	.db #0x00	; 0
    000004EA 00                    1288 	.db #0x00	; 0
    000004EB 00                    1289 	.db #0x00	; 0
    000004EC 00                    1290 	.db #0x00	; 0
    000004ED 00                    1291 	.db #0x00	; 0
    000004EE 00                    1292 	.db #0x00	; 0
    000004EF 00                    1293 	.db #0x00	; 0
    000004F0 00                    1294 	.db #0x00	; 0
    000004F1 00                    1295 	.db #0x00	; 0
    000004F2 00                    1296 	.db #0x00	; 0
    000004F3 00                    1297 	.db #0x00	; 0
    000004F4 00                    1298 	.db #0x00	; 0
    000004F5 00                    1299 	.db #0x00	; 0
    000004F6 00                    1300 	.db #0x00	; 0
    000004F7 00                    1301 	.db #0x00	; 0
    000004F8 00                    1302 	.db #0x00	; 0
    000004F9 00                    1303 	.db #0x00	; 0
    000004FA 00                    1304 	.db #0x00	; 0
    000004FB 00                    1305 	.db #0x00	; 0
    000004FC 00                    1306 	.db #0x00	; 0
    000004FD 00                    1307 	.db #0x00	; 0
    000004FE 00                    1308 	.db #0x00	; 0
    000004FF 00                    1309 	.db #0x00	; 0
    00000500 00                    1310 	.db #0x00	; 0
    00000501 00                    1311 	.db #0x00	; 0
    00000502 00                    1312 	.db #0x00	; 0
    00000503 00                    1313 	.db #0x00	; 0
    00000504 02                    1314 	.db #0x02	; 2
    00000505 00                    1315 	.db #0x00	; 0
    00000506 00                    1316 	.db #0x00	; 0
    00000507 00                    1317 	.db #0x00	; 0
    00000508 00                    1318 	.db #0x00	; 0
    00000509 00                    1319 	.db #0x00	; 0
    0000050A 00                    1320 	.db #0x00	; 0
    0000050B 00                    1321 	.db #0x00	; 0
    0000050C 02                    1322 	.db #0x02	; 2
    0000050D 02                    1323 	.db #0x02	; 2
    0000050E 00                    1324 	.db #0x00	; 0
    0000050F 00                    1325 	.db #0x00	; 0
    00000510 02                    1326 	.db #0x02	; 2
    00000511 02                    1327 	.db #0x02	; 2
    00000512 02                    1328 	.db #0x02	; 2
    00000513 02                    1329 	.db #0x02	; 2
    00000514 01                    1330 	.db #0x01	; 1
    00000515 01                    1331 	.db #0x01	; 1
    00000516 00                    1332 	.db #0x00	; 0
    00000517 00                    1333 	.db #0x00	; 0
    00000518 00                    1334 	.db #0x00	; 0
    00000519 00                    1335 	.db #0x00	; 0
    0000051A 00                    1336 	.db #0x00	; 0
    0000051B 00                    1337 	.db #0x00	; 0
    0000051C 00                    1338 	.db #0x00	; 0
    0000051D 00                    1339 	.db #0x00	; 0
    0000051E 00                    1340 	.db #0x00	; 0
    0000051F 00                    1341 	.db #0x00	; 0
    00000520 00                    1342 	.db #0x00	; 0
    00000521 00                    1343 	.db #0x00	; 0
    00000522 00                    1344 	.db #0x00	; 0
    00000523 00                    1345 	.db #0x00	; 0
    00000524 00                    1346 	.db #0x00	; 0
    00000525 00                    1347 	.db #0x00	; 0
    00000526 00                    1348 	.db #0x00	; 0
    00000527 00                    1349 	.db #0x00	; 0
    00000528 00                    1350 	.db #0x00	; 0
    00000529 00                    1351 	.db #0x00	; 0
    0000052A 00                    1352 	.db #0x00	; 0
    0000052B 00                    1353 	.db #0x00	; 0
    0000052C 00                    1354 	.db #0x00	; 0
    0000052D 00                    1355 	.db #0x00	; 0
    0000052E 00                    1356 	.db #0x00	; 0
    0000052F 00                    1357 	.db #0x00	; 0
    00000530 00                    1358 	.db #0x00	; 0
    00000531 00                    1359 	.db #0x00	; 0
    00000532 00                    1360 	.db #0x00	; 0
    00000533 00                    1361 	.db #0x00	; 0
    00000534 00                    1362 	.db #0x00	; 0
    00000535 00                    1363 	.db #0x00	; 0
    00000536 00                    1364 	.db #0x00	; 0
    00000537 00                    1365 	.db #0x00	; 0
    00000538 00                    1366 	.db #0x00	; 0
    00000539 00                    1367 	.db #0x00	; 0
    0000053A 00                    1368 	.db #0x00	; 0
    0000053B 00                    1369 	.db #0x00	; 0
    0000053C 00                    1370 	.db #0x00	; 0
    0000053D 00                    1371 	.db #0x00	; 0
    0000053E 00                    1372 	.db #0x00	; 0
    0000053F 00                    1373 	.db #0x00	; 0
    00000540 00                    1374 	.db #0x00	; 0
    00000541 00                    1375 	.db #0x00	; 0
    00000542 00                    1376 	.db #0x00	; 0
    00000543 00                    1377 	.db #0x00	; 0
    00000544 00                    1378 	.db #0x00	; 0
    00000545 00                    1379 	.db #0x00	; 0
    00000546 00                    1380 	.db #0x00	; 0
    00000547 00                    1381 	.db #0x00	; 0
    00000548 00                    1382 	.db #0x00	; 0
    00000549 00                    1383 	.db #0x00	; 0
    0000054A 00                    1384 	.db #0x00	; 0
    0000054B 00                    1385 	.db #0x00	; 0
    0000054C 00                    1386 	.db #0x00	; 0
    0000054D 00                    1387 	.db #0x00	; 0
    0000054E 00                    1388 	.db #0x00	; 0
    0000054F 00                    1389 	.db #0x00	; 0
    00000550 00                    1390 	.db #0x00	; 0
    00000551 03                    1391 	.db #0x03	; 3
    00000552 03                    1392 	.db #0x03	; 3
    00000553 00                    1393 	.db #0x00	; 0
    00000554 00                    1394 	.db #0x00	; 0
    00000555 00                    1395 	.db #0x00	; 0
    00000556 00                    1396 	.db #0x00	; 0
    00000557 03                    1397 	.db #0x03	; 3
    00000558 03                    1398 	.db #0x03	; 3
    00000559 03                    1399 	.db #0x03	; 3
    0000055A 03                    1400 	.db #0x03	; 3
    0000055B 03                    1401 	.db #0x03	; 3
    0000055C 03                    1402 	.db #0x03	; 3
    0000055D 03                    1403 	.db #0x03	; 3
    0000055E 03                    1404 	.db #0x03	; 3
    0000055F 00                    1405 	.db #0x00	; 0
    00000560 00                    1406 	.db #0x00	; 0
    00000561 00                    1407 	.db #0x00	; 0
    00000562 00                    1408 	.db #0x00	; 0
    00000563 00                    1409 	.db #0x00	; 0
    00000564 00                    1410 	.db #0x00	; 0
    00000565 00                    1411 	.db #0x00	; 0
    00000566 00                    1412 	.db #0x00	; 0
    00000567 00                    1413 	.db #0x00	; 0
    00000568 00                    1414 	.db #0x00	; 0
    00000569 00                    1415 	.db #0x00	; 0
    0000056A 00                    1416 	.db #0x00	; 0
    0000056B 00                    1417 	.db #0x00	; 0
    0000056C 00                    1418 	.db #0x00	; 0
    0000056D 00                    1419 	.db #0x00	; 0
    0000056E 00                    1420 	.db #0x00	; 0
    0000056F 00                    1421 	.db #0x00	; 0
    00000570 00                    1422 	.db #0x00	; 0
    00000571 00                    1423 	.db #0x00	; 0
    00000572 00                    1424 	.db #0x00	; 0
    00000573 00                    1425 	.db #0x00	; 0
    00000574 00                    1426 	.db #0x00	; 0
    00000575 00                    1427 	.db #0x00	; 0
    00000576 00                    1428 	.db #0x00	; 0
    00000577 00                    1429 	.db #0x00	; 0
    00000578 00                    1430 	.db #0x00	; 0
    00000579 00                    1431 	.db #0x00	; 0
    0000057A 00                    1432 	.db #0x00	; 0
    0000057B 00                    1433 	.db #0x00	; 0
    0000057C 00                    1434 	.db #0x00	; 0
    0000057D 00                    1435 	.db #0x00	; 0
    0000057E 00                    1436 	.db #0x00	; 0
    0000057F 00                    1437 	.db #0x00	; 0
    00000580 00                    1438 	.db #0x00	; 0
    00000581 00                    1439 	.db #0x00	; 0
    00000582 00                    1440 	.db #0x00	; 0
    00000583 00                    1441 	.db #0x00	; 0
    00000584 00                    1442 	.db #0x00	; 0
    00000585 00                    1443 	.db #0x00	; 0
    00000586 00                    1444 	.db #0x00	; 0
    00000587 00                    1445 	.db #0x00	; 0
    00000588 00                    1446 	.db #0x00	; 0
    00000589 00                    1447 	.db #0x00	; 0
    0000058A 00                    1448 	.db #0x00	; 0
    0000058B 00                    1449 	.db #0x00	; 0
    0000058C                       1450 _famidash_metatile_collision:
    0000058C 00                    1451 	.db #0x00	; 0
    0000058D 09                    1452 	.db #0x09	; 9
    0000058E 09                    1453 	.db #0x09	; 9
    0000058F 06                    1454 	.db #0x06	; 6
    00000590 03                    1455 	.db #0x03	; 3
    00000591 09                    1456 	.db #0x09	; 9
    00000592 09                    1457 	.db #0x09	; 9
    00000593 00                    1458 	.db #0x00	; 0
    00000594 04                    1459 	.db #0x04	; 4
    00000595 04                    1460 	.db #0x04	; 4
    00000596 03                    1461 	.db #0x03	; 3
    00000597 03                    1462 	.db #0x03	; 3
    00000598 04                    1463 	.db #0x04	; 4
    00000599 03                    1464 	.db #0x03	; 3
    0000059A 02                    1465 	.db #0x02	; 2
    0000059B 01                    1466 	.db #0x01	; 1
    0000059C 07                    1467 	.db #0x07	; 7
    0000059D 08                    1468 	.db #0x08	; 8
    0000059E 04                    1469 	.db #0x04	; 4
    0000059F 04                    1470 	.db #0x04	; 4
    000005A0 03                    1471 	.db #0x03	; 3
    000005A1 80                    1472 	.db #0x80	; 128
    000005A2 07                    1473 	.db #0x07	; 7
    000005A3 03                    1474 	.db #0x03	; 3
    000005A4 04                    1475 	.db #0x04	; 4
    000005A5 05                    1476 	.db #0x05	; 5
    000005A6 08                    1477 	.db #0x08	; 8
    000005A7 08                    1478 	.db #0x08	; 8
    000005A8 08                    1479 	.db #0x08	; 8
    000005A9 02                    1480 	.db #0x02	; 2
    000005AA 03                    1481 	.db #0x03	; 3
    000005AB 01                    1482 	.db #0x01	; 1
    000005AC 07                    1483 	.db #0x07	; 7
    000005AD 07                    1484 	.db #0x07	; 7
    000005AE 07                    1485 	.db #0x07	; 7
    000005AF 07                    1486 	.db #0x07	; 7
    000005B0 07                    1487 	.db #0x07	; 7
    000005B1 07                    1488 	.db #0x07	; 7
    000005B2 07                    1489 	.db #0x07	; 7
    000005B3 07                    1490 	.db #0x07	; 7
    000005B4 07                    1491 	.db #0x07	; 7
    000005B5 07                    1492 	.db #0x07	; 7
    000005B6 07                    1493 	.db #0x07	; 7
    000005B7 07                    1494 	.db #0x07	; 7
    000005B8 07                    1495 	.db #0x07	; 7
    000005B9 07                    1496 	.db #0x07	; 7
    000005BA 07                    1497 	.db #0x07	; 7
    000005BB 00                    1498 	.db #0x00	; 0
    000005BC 07                    1499 	.db #0x07	; 7
    000005BD 07                    1500 	.db #0x07	; 7
    000005BE 07                    1501 	.db #0x07	; 7
    000005BF 07                    1502 	.db #0x07	; 7
    000005C0 0A                    1503 	.db #0x0a	; 10
    000005C1 0B                    1504 	.db #0x0b	; 11
    000005C2 0B                    1505 	.db #0x0b	; 11
    000005C3 80                    1506 	.db #0x80	; 128
    000005C4 07                    1507 	.db #0x07	; 7
    000005C5 07                    1508 	.db #0x07	; 7
    000005C6 07                    1509 	.db #0x07	; 7
    000005C7 04                    1510 	.db #0x04	; 4
    000005C8 07                    1511 	.db #0x07	; 7
    000005C9 07                    1512 	.db #0x07	; 7
    000005CA 07                    1513 	.db #0x07	; 7
    000005CB 07                    1514 	.db #0x07	; 7
    000005CC 07                    1515 	.db #0x07	; 7
    000005CD 07                    1516 	.db #0x07	; 7
    000005CE 07                    1517 	.db #0x07	; 7
    000005CF 07                    1518 	.db #0x07	; 7
    000005D0 07                    1519 	.db #0x07	; 7
    000005D1 07                    1520 	.db #0x07	; 7
    000005D2 07                    1521 	.db #0x07	; 7
    000005D3 07                    1522 	.db #0x07	; 7
    000005D4 07                    1523 	.db #0x07	; 7
    000005D5 07                    1524 	.db #0x07	; 7
    000005D6 07                    1525 	.db #0x07	; 7
    000005D7 07                    1526 	.db #0x07	; 7
    000005D8 07                    1527 	.db #0x07	; 7
    000005D9 07                    1528 	.db #0x07	; 7
    000005DA 07                    1529 	.db #0x07	; 7
    000005DB 00                    1530 	.db #0x00	; 0
    000005DC 07                    1531 	.db #0x07	; 7
    000005DD 07                    1532 	.db #0x07	; 7
    000005DE 07                    1533 	.db #0x07	; 7
    000005DF 07                    1534 	.db #0x07	; 7
    000005E0 05                    1535 	.db #0x05	; 5
    000005E1 05                    1536 	.db #0x05	; 5
    000005E2 05                    1537 	.db #0x05	; 5
    000005E3 05                    1538 	.db #0x05	; 5
    000005E4 06                    1539 	.db #0x06	; 6
    000005E5 06                    1540 	.db #0x06	; 6
    000005E6 06                    1541 	.db #0x06	; 6
    000005E7 08                    1542 	.db #0x08	; 8
    000005E8 04                    1543 	.db #0x04	; 4
    000005E9 03                    1544 	.db #0x03	; 3
    000005EA 01                    1545 	.db #0x01	; 1
    000005EB 02                    1546 	.db #0x02	; 2
    000005EC 07                    1547 	.db #0x07	; 7
    000005ED 07                    1548 	.db #0x07	; 7
    000005EE 07                    1549 	.db #0x07	; 7
    000005EF 07                    1550 	.db #0x07	; 7
    000005F0 07                    1551 	.db #0x07	; 7
    000005F1 07                    1552 	.db #0x07	; 7
    000005F2 07                    1553 	.db #0x07	; 7
    000005F3 07                    1554 	.db #0x07	; 7
    000005F4 07                    1555 	.db #0x07	; 7
    000005F5 07                    1556 	.db #0x07	; 7
    000005F6 07                    1557 	.db #0x07	; 7
    000005F7 07                    1558 	.db #0x07	; 7
    000005F8 07                    1559 	.db #0x07	; 7
    000005F9 07                    1560 	.db #0x07	; 7
    000005FA 07                    1561 	.db #0x07	; 7
    000005FB 00                    1562 	.db #0x00	; 0
    000005FC 07                    1563 	.db #0x07	; 7
    000005FD 07                    1564 	.db #0x07	; 7
    000005FE 07                    1565 	.db #0x07	; 7
    000005FF 07                    1566 	.db #0x07	; 7
    00000600 80                    1567 	.db #0x80	; 128
    00000601 04                    1568 	.db #0x04	; 4
    00000602 80                    1569 	.db #0x80	; 128
    00000603 01                    1570 	.db #0x01	; 1
    00000604 00                    1571 	.db #0x00	; 0
    00000605 02                    1572 	.db #0x02	; 2
    00000606 80                    1573 	.db #0x80	; 128
    00000607 03                    1574 	.db #0x03	; 3
    00000608 80                    1575 	.db #0x80	; 128
    00000609 08                    1576 	.db #0x08	; 8
    0000060A 07                    1577 	.db #0x07	; 7
    0000060B 04                    1578 	.db #0x04	; 4
    0000060C 00                    1579 	.db #0x00	; 0
    0000060D 00                    1580 	.db #0x00	; 0
    0000060E 08                    1581 	.db #0x08	; 8
    0000060F 08                    1582 	.db #0x08	; 8
    00000610 04                    1583 	.db #0x04	; 4
    00000611 03                    1584 	.db #0x03	; 3
    00000612 04                    1585 	.db #0x04	; 4
    00000613 03                    1586 	.db #0x03	; 3
    00000614 09                    1587 	.db #0x09	; 9
    00000615 09                    1588 	.db #0x09	; 9
    00000616 80                    1589 	.db #0x80	; 128
    00000617 80                    1590 	.db #0x80	; 128
    00000618 80                    1591 	.db #0x80	; 128
    00000619 80                    1592 	.db #0x80	; 128
    0000061A 0B                    1593 	.db #0x0b	; 11
    0000061B 80                    1594 	.db #0x80	; 128
    0000061C 80                    1595 	.db #0x80	; 128
    0000061D 80                    1596 	.db #0x80	; 128
    0000061E 80                    1597 	.db #0x80	; 128
    0000061F 80                    1598 	.db #0x80	; 128
    00000620 80                    1599 	.db #0x80	; 128
    00000621 80                    1600 	.db #0x80	; 128
    00000622 80                    1601 	.db #0x80	; 128
    00000623 80                    1602 	.db #0x80	; 128
    00000624 80                    1603 	.db #0x80	; 128
    00000625 80                    1604 	.db #0x80	; 128
    00000626 80                    1605 	.db #0x80	; 128
    00000627 80                    1606 	.db #0x80	; 128
    00000628 80                    1607 	.db #0x80	; 128
    00000629 80                    1608 	.db #0x80	; 128
    0000062A 0B                    1609 	.db #0x0b	; 11
    0000062B 80                    1610 	.db #0x80	; 128
    0000062C 80                    1611 	.db #0x80	; 128
    0000062D 80                    1612 	.db #0x80	; 128
    0000062E 80                    1613 	.db #0x80	; 128
    0000062F 80                    1614 	.db #0x80	; 128
    00000630 80                    1615 	.db #0x80	; 128
    00000631 80                    1616 	.db #0x80	; 128
    00000632 80                    1617 	.db #0x80	; 128
    00000633 80                    1618 	.db #0x80	; 128
    00000634 80                    1619 	.db #0x80	; 128
    00000635 80                    1620 	.db #0x80	; 128
    00000636 80                    1621 	.db #0x80	; 128
    00000637 80                    1622 	.db #0x80	; 128
    00000638 80                    1623 	.db #0x80	; 128
    00000639 80                    1624 	.db #0x80	; 128
    0000063A 0B                    1625 	.db #0x0b	; 11
    0000063B 80                    1626 	.db #0x80	; 128
    0000063C 80                    1627 	.db #0x80	; 128
    0000063D 80                    1628 	.db #0x80	; 128
    0000063E 80                    1629 	.db #0x80	; 128
    0000063F 80                    1630 	.db #0x80	; 128
    00000640 05                    1631 	.db #0x05	; 5
    00000641 06                    1632 	.db #0x06	; 6
    00000642 80                    1633 	.db #0x80	; 128
    00000643 80                    1634 	.db #0x80	; 128
    00000644 80                    1635 	.db #0x80	; 128
    00000645 80                    1636 	.db #0x80	; 128
    00000646 80                    1637 	.db #0x80	; 128
    00000647 80                    1638 	.db #0x80	; 128
    00000648 80                    1639 	.db #0x80	; 128
    00000649 80                    1640 	.db #0x80	; 128
    0000064A 80                    1641 	.db #0x80	; 128
    0000064B 80                    1642 	.db #0x80	; 128
    0000064C 80                    1643 	.db #0x80	; 128
    0000064D 80                    1644 	.db #0x80	; 128
    0000064E 80                    1645 	.db #0x80	; 128
    0000064F 80                    1646 	.db #0x80	; 128
    00000650 80                    1647 	.db #0x80	; 128
    00000651 00                    1648 	.db #0x00	; 0
    00000652 00                    1649 	.db #0x00	; 0
    00000653 80                    1650 	.db #0x80	; 128
    00000654 80                    1651 	.db #0x80	; 128
    00000655 05                    1652 	.db #0x05	; 5
    00000656 06                    1653 	.db #0x06	; 6
    00000657 00                    1654 	.db #0x00	; 0
    00000658 00                    1655 	.db #0x00	; 0
    00000659 00                    1656 	.db #0x00	; 0
    0000065A 00                    1657 	.db #0x00	; 0
    0000065B 00                    1658 	.db #0x00	; 0
    0000065C 00                    1659 	.db #0x00	; 0
    0000065D 00                    1660 	.db #0x00	; 0
    0000065E 00                    1661 	.db #0x00	; 0
    0000065F 07                    1662 	.db #0x07	; 7
    00000660 00                    1663 	.db #0x00	; 0
    00000661 00                    1664 	.db #0x00	; 0
    00000662 00                    1665 	.db #0x00	; 0
    00000663 00                    1666 	.db #0x00	; 0
    00000664 00                    1667 	.db #0x00	; 0
    00000665 80                    1668 	.db #0x80	; 128
    00000666 80                    1669 	.db #0x80	; 128
    00000667 80                    1670 	.db #0x80	; 128
    00000668 80                    1671 	.db #0x80	; 128
    00000669 80                    1672 	.db #0x80	; 128
    0000066A 80                    1673 	.db #0x80	; 128
    0000066B 80                    1674 	.db #0x80	; 128
    0000066C 80                    1675 	.db #0x80	; 128
    0000066D 05                    1676 	.db #0x05	; 5
    0000066E 05                    1677 	.db #0x05	; 5
    0000066F 80                    1678 	.db #0x80	; 128
    00000670 05                    1679 	.db #0x05	; 5
    00000671 80                    1680 	.db #0x80	; 128
    00000672 06                    1681 	.db #0x06	; 6
    00000673 05                    1682 	.db #0x05	; 5
    00000674 0A                    1683 	.db #0x0a	; 10
    00000675 0A                    1684 	.db #0x0a	; 10
    00000676 0B                    1685 	.db #0x0b	; 11
    00000677 0B                    1686 	.db #0x0b	; 11
    00000678 0B                    1687 	.db #0x0b	; 11
    00000679 0B                    1688 	.db #0x0b	; 11
    0000067A 0A                    1689 	.db #0x0a	; 10
    0000067B 0A                    1690 	.db #0x0a	; 10
    0000067C 80                    1691 	.db #0x80	; 128
    0000067D 80                    1692 	.db #0x80	; 128
    0000067E 80                    1693 	.db #0x80	; 128
    0000067F 80                    1694 	.db #0x80	; 128
    00000680 80                    1695 	.db #0x80	; 128
    00000681 80                    1696 	.db #0x80	; 128
    00000682 08                    1697 	.db #0x08	; 8
    00000683 80                    1698 	.db #0x80	; 128
    00000684 80                    1699 	.db #0x80	; 128
    00000685 80                    1700 	.db #0x80	; 128
    00000686 80                    1701 	.db #0x80	; 128
    00000687 08                    1702 	.db #0x08	; 8
    00000688 07                    1703 	.db #0x07	; 7
    00000689 80                    1704 	.db #0x80	; 128
    0000068A 80                    1705 	.db #0x80	; 128
    0000068B 80                    1706 	.db #0x80	; 128
                                   1707 	.area _INITIALIZER
                                   1708 	.area _CABS (ABS)
