                                      1 ;--------------------------------------------------------
                                      2 ; File Created by SDCC : free open source ISO C Compiler
                                      3 ; Version 4.5.1 #15267 (MINGW64)
                                      4 ;--------------------------------------------------------
                                      5 	.module icon1
                                      6 	
                                      7 ;--------------------------------------------------------
                                      8 ; Public variables in this module
                                      9 ;--------------------------------------------------------
                                     10 	.globl _icon1_metasprites
                                     11 	.globl _icon1_metasprite24
                                     12 	.globl _icon1_metasprite23
                                     13 	.globl _icon1_metasprite22
                                     14 	.globl _icon1_metasprite21
                                     15 	.globl _icon1_metasprite20
                                     16 	.globl _icon1_metasprite19
                                     17 	.globl _icon1_metasprite18
                                     18 	.globl _icon1_metasprite17
                                     19 	.globl _icon1_metasprite16
                                     20 	.globl _icon1_metasprite15
                                     21 	.globl _icon1_metasprite14
                                     22 	.globl _icon1_metasprite13
                                     23 	.globl _icon1_metasprite12
                                     24 	.globl _icon1_metasprite11
                                     25 	.globl _icon1_metasprite10
                                     26 	.globl _icon1_metasprite9
                                     27 	.globl _icon1_metasprite8
                                     28 	.globl _icon1_metasprite7
                                     29 	.globl _icon1_metasprite6
                                     30 	.globl _icon1_metasprite5
                                     31 	.globl _icon1_metasprite4
                                     32 	.globl _icon1_metasprite3
                                     33 	.globl _icon1_metasprite2
                                     34 	.globl _icon1_metasprite1
                                     35 	.globl _icon1_metasprite0
                                     36 	.globl _icon1_tiles
                                     37 	.globl _icon1_palettes
                                     38 ;--------------------------------------------------------
                                     39 ; special function registers
                                     40 ;--------------------------------------------------------
                                     41 	.area _HRAM
                                     42 ;--------------------------------------------------------
                                     43 ; ram data
                                     44 ;--------------------------------------------------------
                                     45 	.area _DATA
                                     46 ;--------------------------------------------------------
                                     47 ; ram data
                                     48 ;--------------------------------------------------------
                                     49 	.area _INITIALIZED
                                     50 ;--------------------------------------------------------
                                     51 ; absolute external ram data
                                     52 ;--------------------------------------------------------
                                     53 	.area _DABS (ABS)
                                     54 ;--------------------------------------------------------
                                     55 ; global & static initialisations
                                     56 ;--------------------------------------------------------
                                     57 	.area _HOME
                                     58 	.area _GSINIT
                                     59 	.area _GSFINAL
                                     60 	.area _GSINIT
                                     61 ;--------------------------------------------------------
                                     62 ; Home
                                     63 ;--------------------------------------------------------
                                     64 	.area _HOME
                                     65 	.area _HOME
                                     66 ;--------------------------------------------------------
                                     67 ; code
                                     68 ;--------------------------------------------------------
                                     69 	.area _CODE
                                     70 	.area _CODE
    00000000                         71 _icon1_palettes:
    00000000 FF 7F                   72 	.dw #0x7fff
    00000002 C0 7F                   73 	.dw #0x7fc0
    00000004 E0 03                   74 	.dw #0x03e0
    00000006 00 00                   75 	.dw #0x0000
    00000008                         76 _icon1_tiles:
    00000008 00                      77 	.db #0x00	; 0
    00000009 00                      78 	.db #0x00	; 0
    0000000A 7F                      79 	.db #0x7f	; 127
    0000000B 7F                      80 	.db #0x7f	; 127
    0000000C 40                      81 	.db #0x40	; 64
    0000000D 7F                      82 	.db #0x7f	; 127
    0000000E 40                      83 	.db #0x40	; 64
    0000000F 7F                      84 	.db #0x7f	; 127
    00000010 4F                      85 	.db #0x4f	; 79	'O'
    00000011 7F                      86 	.db #0x7f	; 127
    00000012 48                      87 	.db #0x48	; 72	'H'
    00000013 78                      88 	.db #0x78	; 120	'x'
    00000014 4B                      89 	.db #0x4b	; 75	'K'
    00000015 7B                      90 	.db #0x7b	; 123
    00000016 4B                      91 	.db #0x4b	; 75	'K'
    00000017 7A                      92 	.db #0x7a	; 122	'z'
    00000018 4B                      93 	.db #0x4b	; 75	'K'
    00000019 7A                      94 	.db #0x7a	; 122	'z'
    0000001A 4B                      95 	.db #0x4b	; 75	'K'
    0000001B 7B                      96 	.db #0x7b	; 123
    0000001C 48                      97 	.db #0x48	; 72	'H'
    0000001D 78                      98 	.db #0x78	; 120	'x'
    0000001E 4F                      99 	.db #0x4f	; 79	'O'
    0000001F 7F                     100 	.db #0x7f	; 127
    00000020 40                     101 	.db #0x40	; 64
    00000021 7F                     102 	.db #0x7f	; 127
    00000022 40                     103 	.db #0x40	; 64
    00000023 7F                     104 	.db #0x7f	; 127
    00000024 7F                     105 	.db #0x7f	; 127
    00000025 7F                     106 	.db #0x7f	; 127
    00000026 00                     107 	.db #0x00	; 0
    00000027 00                     108 	.db #0x00	; 0
    00000028 0E                     109 	.db #0x0e	; 14
    00000029 0E                     110 	.db #0x0e	; 14
    0000002A 11                     111 	.db #0x11	; 17
    0000002B 1F                     112 	.db #0x1f	; 31
    0000002C 10                     113 	.db #0x10	; 16
    0000002D 1F                     114 	.db #0x1f	; 31
    0000002E 26                     115 	.db #0x26	; 38
    0000002F 3F                     116 	.db #0x3f	; 63
    00000030 25                     117 	.db #0x25	; 37
    00000031 3D                     118 	.db #0x3d	; 61
    00000032 24                     119 	.db #0x24	; 36
    00000033 3C                     120 	.db #0x3c	; 60
    00000034 4B                     121 	.db #0x4b	; 75	'K'
    00000035 7B                     122 	.db #0x7b	; 123
    00000036 4B                     123 	.db #0x4b	; 75	'K'
    00000037 7A                     124 	.db #0x7a	; 122	'z'
    00000038 4B                     125 	.db #0x4b	; 75	'K'
    00000039 7A                     126 	.db #0x7a	; 122	'z'
    0000003A 93                     127 	.db #0x93	; 147
    0000003B F3                     128 	.db #0xf3	; 243
    0000003C 9C                     129 	.db #0x9c	; 156
    0000003D FC                     130 	.db #0xfc	; 252
    0000003E 83                     131 	.db #0x83	; 131
    0000003F FF                     132 	.db #0xff	; 255
    00000040 60                     133 	.db #0x60	; 96
    00000041 7F                     134 	.db #0x7f	; 127
    00000042 1C                     135 	.db #0x1c	; 28
    00000043 1F                     136 	.db #0x1f	; 31
    00000044 03                     137 	.db #0x03	; 3
    00000045 03                     138 	.db #0x03	; 3
    00000046 00                     139 	.db #0x00	; 0
    00000047 00                     140 	.db #0x00	; 0
    00000048 0B                     141 	.db #0x0b	; 11
    00000049 0F                     142 	.db #0x0f	; 15
    0000004A 08                     143 	.db #0x08	; 8
    0000004B 0F                     144 	.db #0x0f	; 15
    0000004C 10                     145 	.db #0x10	; 16
    0000004D 1F                     146 	.db #0x1f	; 31
    0000004E 13                     147 	.db #0x13	; 19
    0000004F 1F                     148 	.db #0x1f	; 31
    00000050 24                     149 	.db #0x24	; 36
    00000051 3C                     150 	.db #0x3c	; 60
    00000052 24                     151 	.db #0x24	; 36
    00000053 3C                     152 	.db #0x3c	; 60
    00000054 49                     153 	.db #0x49	; 73	'I'
    00000055 79                     154 	.db #0x79	; 121	'y'
    00000056 4B                     155 	.db #0x4b	; 75	'K'
    00000057 7A                     156 	.db #0x7a	; 122	'z'
    00000058 93                     157 	.db #0x93	; 147
    00000059 F2                     158 	.db #0xf2	; 242
    0000005A 91                     159 	.db #0x91	; 145
    0000005B F1                     160 	.db #0xf1	; 241
    0000005C 0C                     161 	.db #0x0c	; 12
    0000005D FC                     162 	.db #0xfc	; 252
    0000005E C3                     163 	.db #0xc3	; 195
    0000005F FF                     164 	.db #0xff	; 255
    00000060 30                     165 	.db #0x30	; 48	'0'
    00000061 3F                     166 	.db #0x3f	; 63
    00000062 0C                     167 	.db #0x0c	; 12
    00000063 0F                     168 	.db #0x0f	; 15
    00000064 03                     169 	.db #0x03	; 3
    00000065 03                     170 	.db #0x03	; 3
    00000066 00                     171 	.db #0x00	; 0
    00000067 00                     172 	.db #0x00	; 0
    00000068 02                     173 	.db #0x02	; 2
    00000069 03                     174 	.db #0x03	; 3
    0000006A 04                     175 	.db #0x04	; 4
    0000006B 07                     176 	.db #0x07	; 7
    0000006C 08                     177 	.db #0x08	; 8
    0000006D 0F                     178 	.db #0x0f	; 15
    0000006E 11                     179 	.db #0x11	; 17
    0000006F 1F                     180 	.db #0x1f	; 31
    00000070 22                     181 	.db #0x22	; 34
    00000071 3E                     182 	.db #0x3e	; 62
    00000072 44                     183 	.db #0x44	; 68	'D'
    00000073 7C                     184 	.db #0x7c	; 124
    00000074 89                     185 	.db #0x89	; 137
    00000075 F9                     186 	.db #0xf9	; 249
    00000076 13                     187 	.db #0x13	; 19
    00000077 F2                     188 	.db #0xf2	; 242
    00000078 13                     189 	.db #0x13	; 19
    00000079 F2                     190 	.db #0xf2	; 242
    0000007A 89                     191 	.db #0x89	; 137
    0000007B F9                     192 	.db #0xf9	; 249
    0000007C 44                     193 	.db #0x44	; 68	'D'
    0000007D 7C                     194 	.db #0x7c	; 124
    0000007E 22                     195 	.db #0x22	; 34
    0000007F 3E                     196 	.db #0x3e	; 62
    00000080 11                     197 	.db #0x11	; 17
    00000081 1F                     198 	.db #0x1f	; 31
    00000082 08                     199 	.db #0x08	; 8
    00000083 0F                     200 	.db #0x0f	; 15
    00000084 04                     201 	.db #0x04	; 4
    00000085 07                     202 	.db #0x07	; 7
    00000086 02                     203 	.db #0x02	; 2
    00000087 03                     204 	.db #0x03	; 3
    00000088                        205 _icon1_metasprite0:
    00000088 FF                     206 	.db #0xff	; -1
    00000089 FF                     207 	.db #0xff	; -1
    0000008A 00                     208 	.db #0x00	; 0
    0000008B 00                     209 	.db #0x00	; 0
    0000008C 00                     210 	.db #0x00	;  0
    0000008D 08                     211 	.db #0x08	;  8
    0000008E 00                     212 	.db #0x00	; 0
    0000008F 20                     213 	.db #0x20	; 32
    00000090 80                     214 	.db #0x80	; -128
    00000091 00                     215 	.db #0x00	;  0
    00000092 00                     216 	.db #0x00	; 0
    00000093 00                     217 	.db #0x00	; 0
    00000094                        218 _icon1_metasprite1:
    00000094 FF                     219 	.db #0xff	; -1
    00000095 FF                     220 	.db #0xff	; -1
    00000096 02                     221 	.db #0x02	; 2
    00000097 00                     222 	.db #0x00	; 0
    00000098 00                     223 	.db #0x00	;  0
    00000099 08                     224 	.db #0x08	;  8
    0000009A 02                     225 	.db #0x02	; 2
    0000009B 60                     226 	.db #0x60	; 96
    0000009C 80                     227 	.db #0x80	; -128
    0000009D 00                     228 	.db #0x00	;  0
    0000009E 00                     229 	.db #0x00	; 0
    0000009F 00                     230 	.db #0x00	; 0
    000000A0                        231 _icon1_metasprite2:
    000000A0 FF                     232 	.db #0xff	; -1
    000000A1 FF                     233 	.db #0xff	; -1
    000000A2 04                     234 	.db #0x04	; 4
    000000A3 00                     235 	.db #0x00	; 0
    000000A4 00                     236 	.db #0x00	;  0
    000000A5 08                     237 	.db #0x08	;  8
    000000A6 04                     238 	.db #0x04	; 4
    000000A7 60                     239 	.db #0x60	; 96
    000000A8 80                     240 	.db #0x80	; -128
    000000A9 00                     241 	.db #0x00	;  0
    000000AA 00                     242 	.db #0x00	; 0
    000000AB 00                     243 	.db #0x00	; 0
    000000AC                        244 _icon1_metasprite3:
    000000AC FF                     245 	.db #0xff	; -1
    000000AD FF                     246 	.db #0xff	; -1
    000000AE 06                     247 	.db #0x06	; 6
    000000AF 00                     248 	.db #0x00	; 0
    000000B0 00                     249 	.db #0x00	;  0
    000000B1 08                     250 	.db #0x08	;  8
    000000B2 06                     251 	.db #0x06	; 6
    000000B3 20                     252 	.db #0x20	; 32
    000000B4 80                     253 	.db #0x80	; -128
    000000B5 00                     254 	.db #0x00	;  0
    000000B6 00                     255 	.db #0x00	; 0
    000000B7 00                     256 	.db #0x00	; 0
    000000B8                        257 _icon1_metasprite4:
    000000B8 FF                     258 	.db #0xff	; -1
    000000B9 FF                     259 	.db #0xff	; -1
    000000BA 04                     260 	.db #0x04	; 4
    000000BB 40                     261 	.db #0x40	; 64
    000000BC 00                     262 	.db #0x00	;  0
    000000BD 08                     263 	.db #0x08	;  8
    000000BE 04                     264 	.db #0x04	; 4
    000000BF 20                     265 	.db #0x20	; 32
    000000C0 80                     266 	.db #0x80	; -128
    000000C1 00                     267 	.db #0x00	;  0
    000000C2 00                     268 	.db #0x00	; 0
    000000C3 00                     269 	.db #0x00	; 0
    000000C4                        270 _icon1_metasprite5:
    000000C4 FF                     271 	.db #0xff	; -1
    000000C5 FF                     272 	.db #0xff	; -1
    000000C6 02                     273 	.db #0x02	; 2
    000000C7 40                     274 	.db #0x40	; 64
    000000C8 00                     275 	.db #0x00	;  0
    000000C9 08                     276 	.db #0x08	;  8
    000000CA 02                     277 	.db #0x02	; 2
    000000CB 20                     278 	.db #0x20	; 32
    000000CC 80                     279 	.db #0x80	; -128
    000000CD 00                     280 	.db #0x00	;  0
    000000CE 00                     281 	.db #0x00	; 0
    000000CF 00                     282 	.db #0x00	; 0
    000000D0                        283 _icon1_metasprite6:
    000000D0 FF                     284 	.db #0xff	; -1
    000000D1 FF                     285 	.db #0xff	; -1
    000000D2 00                     286 	.db #0x00	; 0
    000000D3 00                     287 	.db #0x00	; 0
    000000D4 00                     288 	.db #0x00	;  0
    000000D5 08                     289 	.db #0x08	;  8
    000000D6 00                     290 	.db #0x00	; 0
    000000D7 20                     291 	.db #0x20	; 32
    000000D8 80                     292 	.db #0x80	; -128
    000000D9 00                     293 	.db #0x00	;  0
    000000DA 00                     294 	.db #0x00	; 0
    000000DB 00                     295 	.db #0x00	; 0
    000000DC                        296 _icon1_metasprite7:
    000000DC FF                     297 	.db #0xff	; -1
    000000DD FF                     298 	.db #0xff	; -1
    000000DE 02                     299 	.db #0x02	; 2
    000000DF 00                     300 	.db #0x00	; 0
    000000E0 00                     301 	.db #0x00	;  0
    000000E1 08                     302 	.db #0x08	;  8
    000000E2 02                     303 	.db #0x02	; 2
    000000E3 60                     304 	.db #0x60	; 96
    000000E4 80                     305 	.db #0x80	; -128
    000000E5 00                     306 	.db #0x00	;  0
    000000E6 00                     307 	.db #0x00	; 0
    000000E7 00                     308 	.db #0x00	; 0
    000000E8                        309 _icon1_metasprite8:
    000000E8 FF                     310 	.db #0xff	; -1
    000000E9 FF                     311 	.db #0xff	; -1
    000000EA 04                     312 	.db #0x04	; 4
    000000EB 00                     313 	.db #0x00	; 0
    000000EC 00                     314 	.db #0x00	;  0
    000000ED 08                     315 	.db #0x08	;  8
    000000EE 04                     316 	.db #0x04	; 4
    000000EF 60                     317 	.db #0x60	; 96
    000000F0 80                     318 	.db #0x80	; -128
    000000F1 00                     319 	.db #0x00	;  0
    000000F2 00                     320 	.db #0x00	; 0
    000000F3 00                     321 	.db #0x00	; 0
    000000F4                        322 _icon1_metasprite9:
    000000F4 FF                     323 	.db #0xff	; -1
    000000F5 FF                     324 	.db #0xff	; -1
    000000F6 06                     325 	.db #0x06	; 6
    000000F7 00                     326 	.db #0x00	; 0
    000000F8 00                     327 	.db #0x00	;  0
    000000F9 08                     328 	.db #0x08	;  8
    000000FA 06                     329 	.db #0x06	; 6
    000000FB 20                     330 	.db #0x20	; 32
    000000FC 80                     331 	.db #0x80	; -128
    000000FD 00                     332 	.db #0x00	;  0
    000000FE 00                     333 	.db #0x00	; 0
    000000FF 00                     334 	.db #0x00	; 0
    00000100                        335 _icon1_metasprite10:
    00000100 FF                     336 	.db #0xff	; -1
    00000101 FF                     337 	.db #0xff	; -1
    00000102 04                     338 	.db #0x04	; 4
    00000103 40                     339 	.db #0x40	; 64
    00000104 00                     340 	.db #0x00	;  0
    00000105 08                     341 	.db #0x08	;  8
    00000106 04                     342 	.db #0x04	; 4
    00000107 20                     343 	.db #0x20	; 32
    00000108 80                     344 	.db #0x80	; -128
    00000109 00                     345 	.db #0x00	;  0
    0000010A 00                     346 	.db #0x00	; 0
    0000010B 00                     347 	.db #0x00	; 0
    0000010C                        348 _icon1_metasprite11:
    0000010C FF                     349 	.db #0xff	; -1
    0000010D FF                     350 	.db #0xff	; -1
    0000010E 02                     351 	.db #0x02	; 2
    0000010F 40                     352 	.db #0x40	; 64
    00000110 00                     353 	.db #0x00	;  0
    00000111 08                     354 	.db #0x08	;  8
    00000112 02                     355 	.db #0x02	; 2
    00000113 20                     356 	.db #0x20	; 32
    00000114 80                     357 	.db #0x80	; -128
    00000115 00                     358 	.db #0x00	;  0
    00000116 00                     359 	.db #0x00	; 0
    00000117 00                     360 	.db #0x00	; 0
    00000118                        361 _icon1_metasprite12:
    00000118 FF                     362 	.db #0xff	; -1
    00000119 FF                     363 	.db #0xff	; -1
    0000011A 00                     364 	.db #0x00	; 0
    0000011B 00                     365 	.db #0x00	; 0
    0000011C 00                     366 	.db #0x00	;  0
    0000011D 08                     367 	.db #0x08	;  8
    0000011E 00                     368 	.db #0x00	; 0
    0000011F 20                     369 	.db #0x20	; 32
    00000120 80                     370 	.db #0x80	; -128
    00000121 00                     371 	.db #0x00	;  0
    00000122 00                     372 	.db #0x00	; 0
    00000123 00                     373 	.db #0x00	; 0
    00000124                        374 _icon1_metasprite13:
    00000124 FF                     375 	.db #0xff	; -1
    00000125 FF                     376 	.db #0xff	; -1
    00000126 02                     377 	.db #0x02	; 2
    00000127 00                     378 	.db #0x00	; 0
    00000128 00                     379 	.db #0x00	;  0
    00000129 08                     380 	.db #0x08	;  8
    0000012A 02                     381 	.db #0x02	; 2
    0000012B 60                     382 	.db #0x60	; 96
    0000012C 80                     383 	.db #0x80	; -128
    0000012D 00                     384 	.db #0x00	;  0
    0000012E 00                     385 	.db #0x00	; 0
    0000012F 00                     386 	.db #0x00	; 0
    00000130                        387 _icon1_metasprite14:
    00000130 FF                     388 	.db #0xff	; -1
    00000131 FF                     389 	.db #0xff	; -1
    00000132 04                     390 	.db #0x04	; 4
    00000133 00                     391 	.db #0x00	; 0
    00000134 00                     392 	.db #0x00	;  0
    00000135 08                     393 	.db #0x08	;  8
    00000136 04                     394 	.db #0x04	; 4
    00000137 60                     395 	.db #0x60	; 96
    00000138 80                     396 	.db #0x80	; -128
    00000139 00                     397 	.db #0x00	;  0
    0000013A 00                     398 	.db #0x00	; 0
    0000013B 00                     399 	.db #0x00	; 0
    0000013C                        400 _icon1_metasprite15:
    0000013C FF                     401 	.db #0xff	; -1
    0000013D FF                     402 	.db #0xff	; -1
    0000013E 06                     403 	.db #0x06	; 6
    0000013F 00                     404 	.db #0x00	; 0
    00000140 00                     405 	.db #0x00	;  0
    00000141 08                     406 	.db #0x08	;  8
    00000142 06                     407 	.db #0x06	; 6
    00000143 20                     408 	.db #0x20	; 32
    00000144 80                     409 	.db #0x80	; -128
    00000145 00                     410 	.db #0x00	;  0
    00000146 00                     411 	.db #0x00	; 0
    00000147 00                     412 	.db #0x00	; 0
    00000148                        413 _icon1_metasprite16:
    00000148 FF                     414 	.db #0xff	; -1
    00000149 FF                     415 	.db #0xff	; -1
    0000014A 04                     416 	.db #0x04	; 4
    0000014B 40                     417 	.db #0x40	; 64
    0000014C 00                     418 	.db #0x00	;  0
    0000014D 08                     419 	.db #0x08	;  8
    0000014E 04                     420 	.db #0x04	; 4
    0000014F 20                     421 	.db #0x20	; 32
    00000150 80                     422 	.db #0x80	; -128
    00000151 00                     423 	.db #0x00	;  0
    00000152 00                     424 	.db #0x00	; 0
    00000153 00                     425 	.db #0x00	; 0
    00000154                        426 _icon1_metasprite17:
    00000154 FF                     427 	.db #0xff	; -1
    00000155 FF                     428 	.db #0xff	; -1
    00000156 02                     429 	.db #0x02	; 2
    00000157 40                     430 	.db #0x40	; 64
    00000158 00                     431 	.db #0x00	;  0
    00000159 08                     432 	.db #0x08	;  8
    0000015A 02                     433 	.db #0x02	; 2
    0000015B 20                     434 	.db #0x20	; 32
    0000015C 80                     435 	.db #0x80	; -128
    0000015D 00                     436 	.db #0x00	;  0
    0000015E 00                     437 	.db #0x00	; 0
    0000015F 00                     438 	.db #0x00	; 0
    00000160                        439 _icon1_metasprite18:
    00000160 FF                     440 	.db #0xff	; -1
    00000161 FF                     441 	.db #0xff	; -1
    00000162 00                     442 	.db #0x00	; 0
    00000163 00                     443 	.db #0x00	; 0
    00000164 00                     444 	.db #0x00	;  0
    00000165 08                     445 	.db #0x08	;  8
    00000166 00                     446 	.db #0x00	; 0
    00000167 20                     447 	.db #0x20	; 32
    00000168 80                     448 	.db #0x80	; -128
    00000169 00                     449 	.db #0x00	;  0
    0000016A 00                     450 	.db #0x00	; 0
    0000016B 00                     451 	.db #0x00	; 0
    0000016C                        452 _icon1_metasprite19:
    0000016C FF                     453 	.db #0xff	; -1
    0000016D FF                     454 	.db #0xff	; -1
    0000016E 02                     455 	.db #0x02	; 2
    0000016F 00                     456 	.db #0x00	; 0
    00000170 00                     457 	.db #0x00	;  0
    00000171 08                     458 	.db #0x08	;  8
    00000172 02                     459 	.db #0x02	; 2
    00000173 60                     460 	.db #0x60	; 96
    00000174 80                     461 	.db #0x80	; -128
    00000175 00                     462 	.db #0x00	;  0
    00000176 00                     463 	.db #0x00	; 0
    00000177 00                     464 	.db #0x00	; 0
    00000178                        465 _icon1_metasprite20:
    00000178 FF                     466 	.db #0xff	; -1
    00000179 FF                     467 	.db #0xff	; -1
    0000017A 04                     468 	.db #0x04	; 4
    0000017B 00                     469 	.db #0x00	; 0
    0000017C 00                     470 	.db #0x00	;  0
    0000017D 08                     471 	.db #0x08	;  8
    0000017E 04                     472 	.db #0x04	; 4
    0000017F 60                     473 	.db #0x60	; 96
    00000180 80                     474 	.db #0x80	; -128
    00000181 00                     475 	.db #0x00	;  0
    00000182 00                     476 	.db #0x00	; 0
    00000183 00                     477 	.db #0x00	; 0
    00000184                        478 _icon1_metasprite21:
    00000184 FF                     479 	.db #0xff	; -1
    00000185 FF                     480 	.db #0xff	; -1
    00000186 06                     481 	.db #0x06	; 6
    00000187 00                     482 	.db #0x00	; 0
    00000188 00                     483 	.db #0x00	;  0
    00000189 08                     484 	.db #0x08	;  8
    0000018A 06                     485 	.db #0x06	; 6
    0000018B 20                     486 	.db #0x20	; 32
    0000018C 80                     487 	.db #0x80	; -128
    0000018D 00                     488 	.db #0x00	;  0
    0000018E 00                     489 	.db #0x00	; 0
    0000018F 00                     490 	.db #0x00	; 0
    00000190                        491 _icon1_metasprite22:
    00000190 FF                     492 	.db #0xff	; -1
    00000191 FF                     493 	.db #0xff	; -1
    00000192 04                     494 	.db #0x04	; 4
    00000193 40                     495 	.db #0x40	; 64
    00000194 00                     496 	.db #0x00	;  0
    00000195 08                     497 	.db #0x08	;  8
    00000196 04                     498 	.db #0x04	; 4
    00000197 20                     499 	.db #0x20	; 32
    00000198 80                     500 	.db #0x80	; -128
    00000199 00                     501 	.db #0x00	;  0
    0000019A 00                     502 	.db #0x00	; 0
    0000019B 00                     503 	.db #0x00	; 0
    0000019C                        504 _icon1_metasprite23:
    0000019C FF                     505 	.db #0xff	; -1
    0000019D FF                     506 	.db #0xff	; -1
    0000019E 02                     507 	.db #0x02	; 2
    0000019F 40                     508 	.db #0x40	; 64
    000001A0 00                     509 	.db #0x00	;  0
    000001A1 08                     510 	.db #0x08	;  8
    000001A2 02                     511 	.db #0x02	; 2
    000001A3 20                     512 	.db #0x20	; 32
    000001A4 80                     513 	.db #0x80	; -128
    000001A5 00                     514 	.db #0x00	;  0
    000001A6 00                     515 	.db #0x00	; 0
    000001A7 00                     516 	.db #0x00	; 0
    000001A8                        517 _icon1_metasprite24:
    000001A8 FF                     518 	.db #0xff	; -1
    000001A9 FF                     519 	.db #0xff	; -1
    000001AA 00                     520 	.db #0x00	; 0
    000001AB 00                     521 	.db #0x00	; 0
    000001AC 00                     522 	.db #0x00	;  0
    000001AD 08                     523 	.db #0x08	;  8
    000001AE 00                     524 	.db #0x00	; 0
    000001AF 20                     525 	.db #0x20	; 32
    000001B0 80                     526 	.db #0x80	; -128
    000001B1 00                     527 	.db #0x00	;  0
    000001B2 00                     528 	.db #0x00	; 0
    000001B3 00                     529 	.db #0x00	; 0
    000001B4                        530 _icon1_metasprites:
    000001B4r88r00                  531 	.dw _icon1_metasprite0
    000001B6r94r00                  532 	.dw _icon1_metasprite1
    000001B8rA0r00                  533 	.dw _icon1_metasprite2
    000001BArACr00                  534 	.dw _icon1_metasprite3
    000001BCrB8r00                  535 	.dw _icon1_metasprite4
    000001BErC4r00                  536 	.dw _icon1_metasprite5
    000001C0rD0r00                  537 	.dw _icon1_metasprite6
    000001C2rDCr00                  538 	.dw _icon1_metasprite7
    000001C4rE8r00                  539 	.dw _icon1_metasprite8
    000001C6rF4r00                  540 	.dw _icon1_metasprite9
    000001C8r00r01                  541 	.dw _icon1_metasprite10
    000001CAr0Cr01                  542 	.dw _icon1_metasprite11
    000001CCr18r01                  543 	.dw _icon1_metasprite12
    000001CEr24r01                  544 	.dw _icon1_metasprite13
    000001D0r30r01                  545 	.dw _icon1_metasprite14
    000001D2r3Cr01                  546 	.dw _icon1_metasprite15
    000001D4r48r01                  547 	.dw _icon1_metasprite16
    000001D6r54r01                  548 	.dw _icon1_metasprite17
    000001D8r60r01                  549 	.dw _icon1_metasprite18
    000001DAr6Cr01                  550 	.dw _icon1_metasprite19
    000001DCr78r01                  551 	.dw _icon1_metasprite20
    000001DEr84r01                  552 	.dw _icon1_metasprite21
    000001E0r90r01                  553 	.dw _icon1_metasprite22
    000001E2r9Cr01                  554 	.dw _icon1_metasprite23
    000001E4rA8r01                  555 	.dw _icon1_metasprite24
                                    556 	.area _INITIALIZER
                                    557 	.area _CABS (ABS)
