                                      1 ;--------------------------------------------------------
                                      2 ; File Created by SDCC : free open source ISO C Compiler
                                      3 ; Version 4.5.1 #15267 (MINGW64)
                                      4 ;--------------------------------------------------------
                                      5 	.module ship1
                                      6 	
                                      7 ;--------------------------------------------------------
                                      8 ; Public variables in this module
                                      9 ;--------------------------------------------------------
                                     10 	.globl _ship_metasprites
                                     11 	.globl _ship_metasprite0
                                     12 	.globl _ship_tiles
                                     13 ;--------------------------------------------------------
                                     14 ; special function registers
                                     15 ;--------------------------------------------------------
                                     16 	.area _HRAM
                                     17 ;--------------------------------------------------------
                                     18 ; ram data
                                     19 ;--------------------------------------------------------
                                     20 	.area _DATA
                                     21 ;--------------------------------------------------------
                                     22 ; ram data
                                     23 ;--------------------------------------------------------
                                     24 	.area _INITIALIZED
                                     25 ;--------------------------------------------------------
                                     26 ; absolute external ram data
                                     27 ;--------------------------------------------------------
                                     28 	.area _DABS (ABS)
                                     29 ;--------------------------------------------------------
                                     30 ; global & static initialisations
                                     31 ;--------------------------------------------------------
                                     32 	.area _HOME
                                     33 	.area _GSINIT
                                     34 	.area _GSFINAL
                                     35 	.area _GSINIT
                                     36 ;--------------------------------------------------------
                                     37 ; Home
                                     38 ;--------------------------------------------------------
                                     39 	.area _HOME
                                     40 	.area _HOME
                                     41 ;--------------------------------------------------------
                                     42 ; code
                                     43 ;--------------------------------------------------------
                                     44 	.area _CODE
                                     45 	.area _CODE
    00000000                         46 _ship_tiles:
    00000000 0F                      47 	.db #0x0f	; 15
    00000001 0F                      48 	.db #0x0f	; 15
    00000002 08                      49 	.db #0x08	; 8
    00000003 0F                      50 	.db #0x0f	; 15
    00000004 3B                      51 	.db #0x3b	; 59
    00000005 3F                      52 	.db #0x3f	; 63
    00000006 3B                      53 	.db #0x3b	; 59
    00000007 2E                      54 	.db #0x2e	; 46
    00000008 3B                      55 	.db #0x3b	; 59
    00000009 2E                      56 	.db #0x2e	; 46
    0000000A 3B                      57 	.db #0x3b	; 59
    0000000B 2F                      58 	.db #0x2f	; 47
    0000000C 78                      59 	.db #0x78	; 120	'x'
    0000000D 6F                      60 	.db #0x6f	; 111	'o'
    0000000E 3F                      61 	.db #0x3f	; 63
    0000000F 2F                      62 	.db #0x2f	; 47
    00000010 3F                      63 	.db #0x3f	; 63
    00000011 30                      64 	.db #0x30	; 48	'0'
    00000012 2F                      65 	.db #0x2f	; 47
    00000013 3F                      66 	.db #0x3f	; 63
    00000014 E2                      67 	.db #0xe2	; 226
    00000015 FF                      68 	.db #0xff	; 255
    00000016 E2                      69 	.db #0xe2	; 226
    00000017 BF                      70 	.db #0xbf	; 191
    00000018 E2                      71 	.db #0xe2	; 226
    00000019 BF                      72 	.db #0xbf	; 191
    0000001A E2                      73 	.db #0xe2	; 226
    0000001B FF                      74 	.db #0xff	; 255
    0000001C 27                      75 	.db #0x27	; 39
    0000001D 3F                      76 	.db #0x3f	; 63
    0000001E 38                      77 	.db #0x38	; 56	'8'
    0000001F 38                      78 	.db #0x38	; 56	'8'
    00000020 F0                      79 	.db #0xf0	; 240
    00000021 F0                      80 	.db #0xf0	; 240
    00000022 10                      81 	.db #0x10	; 16
    00000023 F0                      82 	.db #0xf0	; 240
    00000024 D0                      83 	.db #0xd0	; 208
    00000025 F0                      84 	.db #0xf0	; 240
    00000026 D0                      85 	.db #0xd0	; 208
    00000027 70                      86 	.db #0x70	; 112	'p'
    00000028 D0                      87 	.db #0xd0	; 208
    00000029 70                      88 	.db #0x70	; 112	'p'
    0000002A D0                      89 	.db #0xd0	; 208
    0000002B F0                      90 	.db #0xf0	; 240
    0000002C 10                      91 	.db #0x10	; 16
    0000002D F0                      92 	.db #0xf0	; 240
    0000002E F0                      93 	.db #0xf0	; 240
    0000002F F0                      94 	.db #0xf0	; 240
    00000030 F8                      95 	.db #0xf8	; 248
    00000031 00                      96 	.db #0x00	; 0
    00000032 FC                      97 	.db #0xfc	; 252
    00000033 FC                      98 	.db #0xfc	; 252
    00000034 8A                      99 	.db #0x8a	; 138
    00000035 FE                     100 	.db #0xfe	; 254
    00000036 89                     101 	.db #0x89	; 137
    00000037 FF                     102 	.db #0xff	; 255
    00000038 89                     103 	.db #0x89	; 137
    00000039 FF                     104 	.db #0xff	; 255
    0000003A 8A                     105 	.db #0x8a	; 138
    0000003B FE                     106 	.db #0xfe	; 254
    0000003C FC                     107 	.db #0xfc	; 252
    0000003D FC                     108 	.db #0xfc	; 252
    0000003E 00                     109 	.db #0x00	; 0
    0000003F 00                     110 	.db #0x00	; 0
    00000040                        111 _ship_metasprite0:
    00000040 FF                     112 	.db #0xff	; -1
    00000041 FF                     113 	.db #0xff	; -1
    00000042 08                     114 	.db #0x08	; 8
    00000043 00                     115 	.db #0x00	; 0
    00000044 00                     116 	.db #0x00	;  0
    00000045 08                     117 	.db #0x08	;  8
    00000046 0A                     118 	.db #0x0a	; 10
    00000047 00                     119 	.db #0x00	; 0
    00000048 80                     120 	.db #0x80	; -128
    00000049 00                     121 	.db #0x00	;  0
    0000004A 00                     122 	.db #0x00	; 0
    0000004B 00                     123 	.db #0x00	; 0
    0000004C                        124 _ship_metasprites:
    0000004Cr40r00                  125 	.dw _ship_metasprite0
                                    126 	.area _INITIALIZER
                                    127 	.area _CABS (ABS)
